<?xml version="1.0" encoding="UTF-8"?>
<!-- Generated by org.testng.reporters.JUnitXMLReporter -->
<testsuite ignored="0" hostname="DESKTOP-MLBBIN1" failures="0" tests="4" name="Surefire test" time="3.476" errors="0" timestamp="2025-06-17T11:54:26 CDT">
  <testcase classname="WikipediaApiTest" name="searchForNoResults" time="2.042"/>
  <testcase classname="WikipediaApiTest" name="searchForTerm" time="0.336"/>
  <testcase classname="WikipediaApiTest" name="searchForTerm" time="0.57"/>
  <testcase classname="WikipediaApiTest" name="searchForTerm" time="0.449"/>
</testsuite> <!-- Surefire test -->
