<?xml version="1.0" encoding="UTF-8"?>
<!-- Generated by org.testng.reporters.JUnitXMLReporter -->
<testsuite ignored="0" hostname="DESKTOP-MLBBIN1" failures="0" tests="1" name="LoginTests" time="3.46" errors="0" timestamp="2025-06-15T21:06:09 CDT">
  <testcase classname="com.example.base.BaseTest" name="@BeforeClass startAppiumServerAndDriver" time="3.438">
    <failure type="org.openqa.selenium.SessionNotCreatedException" message="Could not start a new session. Response code 500. Message: An unknown server-side error occurred while processing the command. Original error: Error executing adbExec. Original error: &amp;apos;Command &amp;apos;C:\\Users\\danev\\AppData\\Local\\Android\\Sdk\\platform-tools\\adb.exe -P 5037 -s emulator-5554 install -g C:\\Users\\danev\\qaRepo\\qa-automation-portfolio\\mobile-tests\\src\\test\\resources\\apks\\ApiDemos-debug.apk&amp;apos; exited with code 1&amp;apos;; Command output: adb: failed to install C:\Users\danev\qaRepo\qa-automation-portfolio\mobile-tests\src\test\resources\apks\ApiDemos-debug.apk: Failure [INSTALL_FAILED_DEPRECATED_SDK_VERSION: App package must target at least SDK version 23, but found 19]
 
Host info: host: &amp;apos;DESKTOP-MLBBIN1&amp;apos;, ip: &amp;apos;100.72.39.15&amp;apos;
Build info: version: &amp;apos;4.33.0&amp;apos;, revision: &amp;apos;2c6aaad03a&amp;apos;
System info: os.name: &amp;apos;Windows 11&amp;apos;, os.arch: &amp;apos;amd64&amp;apos;, os.version: &amp;apos;10.0&amp;apos;, java.version: &amp;apos;22.0.1&amp;apos;
Driver info: io.appium.java_client.android.AndroidDriver
Command: [null, newSession {capabilities=[Capabilities {appium:app: C:\Users\danev\qaRepo\qa-au..., appium:autoGrantPermissions: true, appium:automationName: UiAutomator2, appium:deviceName: emulator-5554, platformName: ANDROID}]}]
Capabilities {appium:app: C:\Users\danev\qaRepo\qa-au..., appium:autoGrantPermissions: true, appium:automationName: UiAutomator2, appium:deviceName: emulator-5554, platformName: ANDROID}">
      <![CDATA[org.openqa.selenium.SessionNotCreatedException: Could not start a new session. Response code 500. Message: An unknown server-side error occurred while processing the command. Original error: Error executing adbExec. Original error: 'Command 'C:\\Users\\danev\\AppData\\Local\\Android\\Sdk\\platform-tools\\adb.exe -P 5037 -s emulator-5554 install -g C:\\Users\\danev\\qaRepo\\qa-automation-portfolio\\mobile-tests\\src\\test\\resources\\apks\\ApiDemos-debug.apk' exited with code 1'; Command output: adb: failed to install C:\Users\danev\qaRepo\qa-automation-portfolio\mobile-tests\src\test\resources\apks\ApiDemos-debug.apk: Failure [INSTALL_FAILED_DEPRECATED_SDK_VERSION: App package must target at least SDK version 23, but found 19]
 
Host info: host: 'DESKTOP-MLBBIN1', ip: '100.72.39.15'
Build info: version: '4.33.0', revision: '2c6aaad03a'
System info: os.name: 'Windows 11', os.arch: 'amd64', os.version: '10.0', java.version: '22.0.1'
Driver info: io.appium.java_client.android.AndroidDriver
Command: [null, newSession {capabilities=[Capabilities {appium:app: C:\Users\danev\qaRepo\qa-au..., appium:autoGrantPermissions: true, appium:automationName: UiAutomator2, appium:deviceName: emulator-5554, platformName: ANDROID}]}]
Capabilities {appium:app: C:\Users\danev\qaRepo\qa-au..., appium:autoGrantPermissions: true, appium:automationName: UiAutomator2, appium:deviceName: emulator-5554, platformName: ANDROID}
at org.openqa.selenium.remote.ProtocolHandshake.createSession(ProtocolHandshake.java:114)
at org.openqa.selenium.remote.ProtocolHandshake.createSession(ProtocolHandshake.java:75)
at org.openqa.selenium.remote.ProtocolHandshake.createSession(ProtocolHandshake.java:61)
at io.appium.java_client.remote.AppiumCommandExecutor.createSession(AppiumCommandExecutor.java:176)
at io.appium.java_client.remote.AppiumCommandExecutor.execute(AppiumCommandExecutor.java:237)
at org.openqa.selenium.remote.RemoteWebDriver.execute(RemoteWebDriver.java:544)
at io.appium.java_client.AppiumDriver.startSession(AppiumDriver.java:270)
at org.openqa.selenium.remote.RemoteWebDriver.<init>(RemoteWebDriver.java:173)
at io.appium.java_client.AppiumDriver.<init>(AppiumDriver.java:91)
at io.appium.java_client.AppiumDriver.<init>(AppiumDriver.java:103)
at io.appium.java_client.android.AndroidDriver.<init>(AndroidDriver.java:109)
at com.example.base.BaseTest.startAppiumServerAndDriver(BaseTest.java:43)
at java.base/java.util.ArrayList.forEach(ArrayList.java:1597)
... Removed 27 stack frames]]>
    </failure>
  </testcase> <!-- @BeforeClass startAppiumServerAndDriver -->
  <testcase classname="com.example.tests.LoginTest" name="@AfterClass tearDown" time="0.0">
    <skipped/>
  </testcase> <!-- @AfterClass tearDown -->
  <testcase classname="com.example.tests.LoginTest" name="testLaunch" time="0.0">
    <skipped/>
  </testcase> <!-- testLaunch -->
</testsuite> <!-- LoginTests -->
