<?xml version="1.0" encoding="UTF-8"?>
<testng-results ignored="0" total="4" passed="4" failed="0" skipped="0">
  <reporter-output>
  </reporter-output>
  <suite started-at="2025-06-16T01:28:21 CDT" name="MobileTestSuite" finished-at="2025-06-16T01:29:08 CDT" duration-ms="46607">
    <groups>
    </groups>
    <test started-at="2025-06-16T01:28:21 CDT" name="AllMobileTests" finished-at="2025-06-16T01:29:08 CDT" duration-ms="46607">
      <class name="com.WikiDemo.base.TestSuiteSetup">
        <test-method is-config="true" signature="startAppiumServer()[pri:0, instance:com.WikiDemo.base.TestSuiteSetup@3ad83a66]" started-at="2025-06-16T01:28:19 CDT" name="startAppiumServer" finished-at="2025-06-16T01:28:21 CDT" duration-ms="2067" status="PASS">
          <reporter-output>
          </reporter-output>
        </test-method> <!-- startAppiumServer -->
        <test-method is-config="true" signature="stopAppiumServer()[pri:0, instance:com.WikiDemo.base.TestSuiteSetup@3ad83a66]" started-at="2025-06-16T01:29:08 CDT" name="stopAppiumServer" finished-at="2025-06-16T01:29:08 CDT" duration-ms="7" status="PASS">
          <reporter-output>
          </reporter-output>
        </test-method> <!-- stopAppiumServer -->
      </class> <!-- com.WikiDemo.base.TestSuiteSetup -->
      <class name="com.WikiDemo.tests.WikipediaSearchTest">
        <test-method is-config="true" signature="setUpDriver()[pri:0, instance:com.WikiDemo.tests.WikipediaSearchTest@5fb759d6]" started-at="2025-06-16T01:28:21 CDT" name="setUpDriver" finished-at="2025-06-16T01:28:28 CDT" duration-ms="6920" status="PASS">
          <reporter-output>
          </reporter-output>
        </test-method> <!-- setUpDriver -->
        <test-method is-config="true" signature="prepareApp(java.lang.reflect.Method)[pri:0, instance:com.WikiDemo.tests.WikipediaSearchTest@5fb759d6]" started-at="2025-06-16T01:28:28 CDT" name="prepareApp" finished-at="2025-06-16T01:28:30 CDT" duration-ms="2365" status="PASS">
          <params>
            <param index="0">
              <value>
                <![CDATA[public void com.WikiDemo.tests.WikipediaSearchTest.testSearchForTerm(java.lang.String)]]>
              </value>
            </param>
          </params>
          <reporter-output>
          </reporter-output>
        </test-method> <!-- prepareApp -->
        <test-method signature="testSearchForTerm(java.lang.String)[pri:0, instance:com.WikiDemo.tests.WikipediaSearchTest@5fb759d6]" started-at="2025-06-16T01:28:30 CDT" name="testSearchForTerm" data-provider="searchTerms" finished-at="2025-06-16T01:28:35 CDT" duration-ms="4488" status="PASS">
          <params>
            <param index="0">
              <value>
                <![CDATA[Appium]]>
              </value>
            </param>
          </params>
          <reporter-output>
          </reporter-output>
        </test-method> <!-- testSearchForTerm -->
        <test-method is-config="true" signature="prepareApp(java.lang.reflect.Method)[pri:0, instance:com.WikiDemo.tests.WikipediaSearchTest@5fb759d6]" started-at="2025-06-16T01:28:35 CDT" name="prepareApp" finished-at="2025-06-16T01:28:40 CDT" duration-ms="4992" status="PASS">
          <params>
            <param index="0">
              <value>
                <![CDATA[public void com.WikiDemo.tests.WikipediaSearchTest.testSearchForTerm(java.lang.String)]]>
              </value>
            </param>
          </params>
          <reporter-output>
          </reporter-output>
        </test-method> <!-- prepareApp -->
        <test-method signature="testSearchForTerm(java.lang.String)[pri:0, instance:com.WikiDemo.tests.WikipediaSearchTest@5fb759d6]" started-at="2025-06-16T01:28:40 CDT" name="testSearchForTerm" data-provider="searchTerms" finished-at="2025-06-16T01:28:46 CDT" duration-ms="5689" status="PASS">
          <params>
            <param index="0">
              <value>
                <![CDATA[TestNG]]>
              </value>
            </param>
          </params>
          <reporter-output>
          </reporter-output>
        </test-method> <!-- testSearchForTerm -->
        <test-method is-config="true" signature="prepareApp(java.lang.reflect.Method)[pri:0, instance:com.WikiDemo.tests.WikipediaSearchTest@5fb759d6]" started-at="2025-06-16T01:28:46 CDT" name="prepareApp" finished-at="2025-06-16T01:28:50 CDT" duration-ms="4805" status="PASS">
          <params>
            <param index="0">
              <value>
                <![CDATA[public void com.WikiDemo.tests.WikipediaSearchTest.testSearchForTerm(java.lang.String)]]>
              </value>
            </param>
          </params>
          <reporter-output>
          </reporter-output>
        </test-method> <!-- prepareApp -->
        <test-method signature="testSearchForTerm(java.lang.String)[pri:0, instance:com.WikiDemo.tests.WikipediaSearchTest@5fb759d6]" started-at="2025-06-16T01:28:50 CDT" name="testSearchForTerm" data-provider="searchTerms" finished-at="2025-06-16T01:28:56 CDT" duration-ms="5638" status="PASS">
          <params>
            <param index="0">
              <value>
                <![CDATA[Android]]>
              </value>
            </param>
          </params>
          <reporter-output>
          </reporter-output>
        </test-method> <!-- testSearchForTerm -->
        <test-method is-config="true" signature="prepareApp(java.lang.reflect.Method)[pri:0, instance:com.WikiDemo.tests.WikipediaSearchTest@5fb759d6]" started-at="2025-06-16T01:28:56 CDT" name="prepareApp" finished-at="2025-06-16T01:29:01 CDT" duration-ms="4855" status="PASS">
          <params>
            <param index="0">
              <value>
                <![CDATA[public void com.WikiDemo.tests.WikipediaSearchTest.testSearchForTerm(java.lang.String)]]>
              </value>
            </param>
          </params>
          <reporter-output>
          </reporter-output>
        </test-method> <!-- prepareApp -->
        <test-method signature="testSearchForTerm(java.lang.String)[pri:0, instance:com.WikiDemo.tests.WikipediaSearchTest@5fb759d6]" started-at="2025-06-16T01:29:01 CDT" name="testSearchForTerm" data-provider="searchTerms" finished-at="2025-06-16T01:29:07 CDT" duration-ms="5844" status="PASS">
          <params>
            <param index="0">
              <value>
                <![CDATA[Selenium]]>
              </value>
            </param>
          </params>
          <reporter-output>
          </reporter-output>
        </test-method> <!-- testSearchForTerm -->
        <test-method is-config="true" signature="tearDown()[pri:0, instance:com.WikiDemo.tests.WikipediaSearchTest@5fb759d6]" started-at="2025-06-16T01:29:07 CDT" name="tearDown" finished-at="2025-06-16T01:29:08 CDT" duration-ms="938" status="PASS">
          <reporter-output>
          </reporter-output>
        </test-method> <!-- tearDown -->
      </class> <!-- com.WikiDemo.tests.WikipediaSearchTest -->
    </test> <!-- AllMobileTests -->
  </suite> <!-- MobileTestSuite -->
</testng-results>
