<?xml version="1.0" encoding="UTF-8"?>
<testsuite xmlns:xsi="http://www.w3.org/2001/XMLSchema-instance" xsi:noNamespaceSchemaLocation="https://maven.apache.org/surefire/maven-surefire-plugin/xsd/surefire-test-report-3.0.xsd" version="3.0" name="TestSuite" time="49.094" tests="4" errors="0" skipped="0" failures="0">
  <properties>
[...]
</properties>
  <testcase name="testSearchForTerm[Appium](1)" classname="com.WikiDemo.tests.WikipediaSearchTest" time="4.495">
    <system-out><![CDATA[&amp#27;[35m[Appium]&amp#27;[39m Welcome to Appium v2.5.2
&amp#27;[35m[Appium]&amp#27;[39m Non-default server args:
&amp#27;[35m[Appium]&amp#27;[39m { address: &amp#27;[32m'127.0.0.1'&amp#27;[39m }
&amp#27;[35m[Appium]&amp#27;[39m The autodetected Appium home path: C:\Users\danev
&amp#27;[35m[Appium]&amp#27;[39m Attempting to load driver uiautomator2...
&amp#27;[35m[Appium]&amp#27;[39m Requiring driver at C:\Users\danev\node_modules\appium-uiautomator2-driver\build\index.js
&amp#27;[35m[Appium]&amp#27;[39m AndroidUiautomator2Driver has been successfully loaded in 0.615s
&amp#27;[35m[Appium]&amp#27;[39m Appium REST http interface listener started on http://127.0.0.1:4723
&amp#27;[35m[Appium]&amp#27;[39m Available drivers:
&amp#27;[35m[Appium]&amp#27;[39m   - uiautomator2@3.1.0 (automationName 'UiAutomator2')
&amp#27;[35m[Appium]&amp#27;[39m No plugins have been installed. Use the "appium plugin" command to install the one(s) you want to use.
&amp#27;[38;5;0m[HTTP]&amp#27;[0m &amp#27;[37m-->&amp#27;[39m &amp#27;[37mGET&amp#27;[39m &amp#27;[37m/status&amp#27;[39m
&amp#27;[38;5;0m[HTTP]&amp#27;[0m &amp#27;[90m{}&amp#27;[39m
&amp#27;[38;5;16m[AppiumDriver@3d75]&amp#27;[0m Calling AppiumDriver.getStatus() with args: []
&amp#27;[38;5;16m[AppiumDriver@3d75]&amp#27;[0m Responding to client with driver.getStatus() result: {"ready":true,"message":"The server is ready to accept new connections","build":{"version":"2.5.2"}}
&amp#27;[38;5;0m[HTTP]&amp#27;[0m &amp#27;[37m<-- GET /status &amp#27;[39m&amp#27;[32m200&amp#27;[39m &amp#27;[90m4 ms - 110&amp#27;[39m
&amp#27;[38;5;0m[HTTP]&amp#27;[0m &amp#27;[90m&amp#27;[39m
[Suite] Clearing Allure results...
&amp#27;[38;5;0m[HTTP]&amp#27;[0m Request idempotency key: fa1fed52-487a-4c4d-b11c-3538c65c1a49
&amp#27;[38;5;0m[HTTP]&amp#27;[0m &amp#27;[37m-->&amp#27;[39m &amp#27;[37mPOST&amp#27;[39m &amp#27;[37m/session&amp#27;[39m
&amp#27;[38;5;0m[HTTP]&amp#27;[0m &amp#27;[90m{"capabilities":{"firstMatch":[{"appium:noReset":false,"appium:autoGrantPermissions":true,"appium:appActivity":"org.wikipedia.main.MainActivity","appium:appWaitActivity":"*","appium:deviceName":"emulator-5554","platformName":"ANDROID","appium:automationName":"UiAutomator2","appium:fullReset":true,"appium:app":"C:\\Users\\danev\\qaRepo\\qa-automation-portfolio\\mobile-tests\\src\\test\\resources\\apks\\org.wikipedia_50530.apk","appium:appPackage":"org.wikipedia"}]}}&amp#27;[39m
&amp#27;[38;5;16m[AppiumDriver@3d75]&amp#27;[0m Calling AppiumDriver.createSession() with args: [null,null,{"firstMatch":[{"appium:noReset":false,"appium:autoGrantPermissions":true,"appium:appActivity":"org.wikipedia.main.MainActivity","appium:appWaitActivity":"*","appium:deviceName":"emulator-5554","platformName":"ANDROID","appium:automationName":"UiAutomator2","appium:fullReset":true,"appium:app":"C:\\Users\\danev\\qaRepo\\qa-automation-portfolio\\mobile-tests\\src\\test\\resources\\apks\\org.wikipedia_50530.apk","appium:appPackage":"org.wikipedia"}]}]
&amp#27;[38;5;16m[AppiumDriver@3d75]&amp#27;[0m Event 'newSessionRequested' logged at 1750055301752 (01:28:21 GMT-0500 (Central Daylight Time))
&amp#27;[35m[Appium]&amp#27;[39m Attempting to find matching driver for automationName 'UiAutomator2' and platformName 'ANDROID'
&amp#27;[35m[Appium]&amp#27;[39m The 'uiautomator2' driver was installed and matched caps.
&amp#27;[35m[Appium]&amp#27;[39m Will require it at C:\Users\danev\node_modules\appium-uiautomator2-driver
&amp#27;[35m[Appium]&amp#27;[39m Requiring driver at C:\Users\danev\node_modules\appium-uiautomator2-driver\build\index.js
&amp#27;[38;5;16m[AppiumDriver@3d75]&amp#27;[0m Appium v2.5.2 creating new AndroidUiautomator2Driver (v3.1.0) session
&amp#27;[38;5;16m[AppiumDriver@3d75]&amp#27;[0m Checking BaseDriver versions for Appium and AndroidUiautomator2Driver
&amp#27;[38;5;16m[AppiumDriver@3d75]&amp#27;[0m Appium's BaseDriver version is 9.5.3
&amp#27;[38;5;16m[AppiumDriver@3d75]&amp#27;[0m AndroidUiautomator2Driver's BaseDriver version is 9.5.3
&amp#27;[38;5;32m[AndroidUiautomator2Driver@63f6]&amp#27;[0m Creating session with W3C capabilities: {
&amp#27;[38;5;32m[AndroidUiautomator2Driver@63f6]&amp#27;[0m   "alwaysMatch": {
&amp#27;[38;5;32m[AndroidUiautomator2Driver@63f6]&amp#27;[0m     "platformName": "ANDROID",
&amp#27;[38;5;32m[AndroidUiautomator2Driver@63f6]&amp#27;[0m     "appium:noReset": false,
&amp#27;[38;5;32m[AndroidUiautomator2Driver@63f6]&amp#27;[0m     "appium:autoGrantPermissions": true,
&amp#27;[38;5;32m[AndroidUiautomator2Driver@63f6]&amp#27;[0m     "appium:appActivity": "org.wikipedia.main.MainActivity",
&amp#27;[38;5;32m[AndroidUiautomator2Driver@63f6]&amp#27;[0m     "appium:appWaitActivity": "*",
&amp#27;[38;5;32m[AndroidUiautomator2Driver@63f6]&amp#27;[0m     "appium:deviceName": "emulator-5554",
&amp#27;[38;5;32m[AndroidUiautomator2Driver@63f6]&amp#27;[0m     "appium:automationName": "UiAutomator2",
&amp#27;[38;5;32m[AndroidUiautomator2Driver@63f6]&amp#27;[0m     "appium:fullReset": true,
&amp#27;[38;5;32m[AndroidUiautomator2Driver@63f6]&amp#27;[0m     "appium:app": "C:\\Users\\danev\\qaRepo\\qa-automation-portfolio\\mobile-tests\\src\\test\\resources\\apks\\org.wikipedia_50530.apk",
&amp#27;[38;5;32m[AndroidUiautomator2Driver@63f6]&amp#27;[0m     "appium:appPackage": "org.wikipedia"
&amp#27;[38;5;32m[AndroidUiautomator2Driver@63f6]&amp#27;[0m   },
&amp#27;[38;5;32m[AndroidUiautomator2Driver@63f6]&amp#27;[0m   "firstMatch": [
&amp#27;[38;5;32m[AndroidUiautomator2Driver@63f6]&amp#27;[0m     {}
&amp#27;[38;5;32m[AndroidUiautomator2Driver@63f6]&amp#27;[0m   ]
&amp#27;[38;5;32m[AndroidUiautomator2Driver@63f6]&amp#27;[0m }
&amp#27;[38;5;32m[AndroidUiautomator2Driver@63f6 (8f5248e9)]&amp#27;[0m Session created with session id: 8f5248e9-1602-44ec-b769-c2e3a0414b77
&amp#27;[38;5;48m[ADB]&amp#27;[0m Found 1 'build-tools' folders under 'C:\Users\danev\AppData\Local\Android\Sdk' (newest first):
&amp#27;[38;5;48m[ADB]&amp#27;[0m     C:\Users\danev\AppData\Local\Android\Sdk\build-tools\34.0.0
&amp#27;[38;5;48m[ADB]&amp#27;[0m Using 'adb.exe' from 'C:\Users\danev\AppData\Local\Android\Sdk\platform-tools\adb.exe'
&amp#27;[38;5;48m[ADB]&amp#27;[0m Running 'C:\Users\danev\AppData\Local\Android\Sdk\platform-tools\adb.exe -P 5037 start-server'
&amp#27;[38;5;32m[AndroidUiautomator2Driver@63f6 (8f5248e9)]&amp#27;[0m Retrieving device list
&amp#27;[38;5;48m[ADB]&amp#27;[0m Trying to find connected Android devices
&amp#27;[38;5;48m[ADB]&amp#27;[0m Getting connected devices
&amp#27;[38;5;48m[ADB]&amp#27;[0m Connected devices: [{"udid":"emulator-5554","state":"device"}]
&amp#27;[38;5;32m[AndroidUiautomator2Driver@63f6 (8f5248e9)]&amp#27;[0m Using device: emulator-5554
&amp#27;[38;5;48m[ADB]&amp#27;[0m Using 'adb.exe' from 'C:\Users\danev\AppData\Local\Android\Sdk\platform-tools\adb.exe'
&amp#27;[38;5;48m[ADB]&amp#27;[0m Running 'C:\Users\danev\AppData\Local\Android\Sdk\platform-tools\adb.exe -P 5037 start-server'
&amp#27;[38;5;48m[ADB]&amp#27;[0m Setting device id to emulator-5554
&amp#27;[38;5;64m[BaseDriver]&amp#27;[0m Using local app 'C:\Users\danev\qaRepo\qa-automation-portfolio\mobile-tests\src\test\resources\apks\org.wikipedia_50530.apk'
&amp#27;[38;5;32m[AndroidUiautomator2Driver@63f6 (8f5248e9)]&amp#27;[0m Checking whether app is actually present
&amp#27;[38;5;48m[ADB]&amp#27;[0m Running 'C:\Users\danev\AppData\Local\Android\Sdk\platform-tools\adb.exe -P 5037 -s emulator-5554 shell getprop ro.build.version.sdk'
&amp#27;[38;5;48m[ADB]&amp#27;[0m Current device property 'ro.build.version.sdk': 34
&amp#27;[38;5;48m[ADB]&amp#27;[0m Getting device platform version
&amp#27;[38;5;48m[ADB]&amp#27;[0m Running 'C:\Users\danev\AppData\Local\Android\Sdk\platform-tools\adb.exe -P 5037 -s emulator-5554 shell getprop ro.build.version.release'
&amp#27;[38;5;48m[ADB]&amp#27;[0m Current device property 'ro.build.version.release': 14
&amp#27;[38;5;48m[ADB]&amp#27;[0m Device API level: 34
&amp#27;[38;5;32m[AndroidUiautomator2Driver@63f6 (8f5248e9)]&amp#27;[0m Relaxing hidden api policy
&amp#27;[38;5;48m[ADB]&amp#27;[0m Running 'C:\Users\danev\AppData\Local\Android\Sdk\platform-tools\adb.exe -P 5037 -s emulator-5554 shell 'settings put global hidden_api_policy_pre_p_apps 1;settings put global hidden_api_policy_p_apps 1;settings put global hidden_api_policy 1''
&amp#27;[38;5;48m[ADB]&amp#27;[0m Running 'C:\Users\danev\AppData\Local\Android\Sdk\platform-tools\adb.exe -P 5037 -s emulator-5554 wait-for-device'
&amp#27;[38;5;48m[ADB]&amp#27;[0m Running 'C:\Users\danev\AppData\Local\Android\Sdk\platform-tools\adb.exe -P 5037 -s emulator-5554 shell echo ping'
&amp#27;[38;5;32m[AndroidUiautomator2Driver@63f6 (8f5248e9)]&amp#27;[0m Pushing settings apk to the device...
&amp#27;[38;5;48m[ADB]&amp#27;[0m Getting package info for 'io.appium.settings'
&amp#27;[38;5;48m[ADB]&amp#27;[0m Running 'C:\Users\danev\AppData\Local\Android\Sdk\platform-tools\adb.exe -P 5037 -s emulator-5554 shell dumpsys package io.appium.settings'
&amp#27;[38;5;48m[ADB]&amp#27;[0m The version name of the installed 'io.appium.settings' is greater or equal to the application version name ('5.7.9' >= '5.7.9')
&amp#27;[38;5;48m[ADB]&amp#27;[0m There is no need to install/upgrade 'C:\Users\danev\node_modules\appium-uiautomator2-driver\node_modules\io.appium.settings\apks\settings_apk-debug.apk'
&amp#27;[38;5;48m[ADB]&amp#27;[0m Running 'C:\Users\danev\AppData\Local\Android\Sdk\platform-tools\adb.exe -P 5037 -s emulator-5554 shell dumpsys activity services io.appium.settings'
&amp#27;[38;5;32m[AndroidUiautomator2Driver@63f6 (8f5248e9)]&amp#27;[0m io.appium.settings is already running. There is no need to reset its permissions.
&amp#27;[38;5;80m[Logcat]&amp#27;[0m Starting logs capture with command: C:\\Users\\danev\\AppData\\Local\\Android\\Sdk\\platform-tools\\adb.exe -P 5037 -s emulator-5554 logcat -v threadtime
&amp#27;[38;5;32m[AndroidUiautomator2Driver@63f6 (8f5248e9)]&amp#27;[0m Forwarding UiAutomator2 Server port 6790 to local port 8200
&amp#27;[38;5;48m[ADB]&amp#27;[0m Forwarding system: 8200 to device: 6790
&amp#27;[38;5;48m[ADB]&amp#27;[0m Running 'C:\Users\danev\AppData\Local\Android\Sdk\platform-tools\adb.exe -P 5037 -s emulator-5554 forward tcp:8200 tcp:6790'
&amp#27;[38;5;48m[ADB]&amp#27;[0m Getting package info for 'io.appium.uiautomator2.server'
&amp#27;[38;5;48m[ADB]&amp#27;[0m Running 'C:\Users\danev\AppData\Local\Android\Sdk\platform-tools\adb.exe -P 5037 -s emulator-5554 shell dumpsys package io.appium.uiautomator2.server'
&amp#27;[38;5;48m[ADB]&amp#27;[0m Getting install status for io.appium.uiautomator2.server.test
&amp#27;[38;5;48m[ADB]&amp#27;[0m Checking app cert for C:\Users\danev\qaRepo\qa-automation-portfolio\mobile-tests\src\test\resources\apks\org.wikipedia_50530.apk
&amp#27;[38;5;48m[ADB]&amp#27;[0m Running 'C:\Users\danev\AppData\Local\Android\Sdk\platform-tools\adb.exe -P 5037 -s emulator-5554 shell cmd package list packages'
&amp#27;[38;5;48m[ADB]&amp#27;[0m 'io.appium.uiautomator2.server.test' is installed
&amp#27;[38;5;48m[ADB]&amp#27;[0m Using 'apksigner.jar' from 'C:\Users\danev\AppData\Local\Android\Sdk\build-tools\34.0.0\lib\apksigner.jar'
&amp#27;[38;5;48m[ADB]&amp#27;[0m Starting apksigner: 'C:\\Program Files\\Java\\jdk-22\\bin\\java.exe' -Xmx1024M -Xss1m -jar C:\\Users\\danev\\AppData\\Local\\Android\\Sdk\\build-tools\\34.0.0\\lib\\apksigner.jar verify --print-certs C:\\Users\\danev\\qaRepo\\qa-automation-portfolio\\mobile-tests\\src\\test\\resources\\apks\\org.wikipedia_50530.apk
&amp#27;[38;5;48m[ADB]&amp#27;[0m The version name of the installed 'io.appium.uiautomator2.server' is greater or equal to the application version name ('7.0.5' >= '7.0.5')
&amp#27;[38;5;32m[AndroidUiautomator2Driver@63f6 (8f5248e9)]&amp#27;[0m Server packages status: [{"installState":"sameVersionInstalled","appPath":"C:\\Users\\danev\\node_modules\\appium-uiautomator2-driver\\node_modules\\appium-uiautomator2-server\\apks\\appium-uiautomator2-server-v7.0.5.apk","appId":"io.appium.uiautomator2.server"},{"installState":"sameVersionInstalled","appPath":"C:\\Users\\danev\\node_modules\\appium-uiautomator2-driver\\node_modules\\appium-uiautomator2-server\\apks\\appium-uiautomator2-server-debug-androidTest.apk","appId":"io.appium.uiautomator2.server.test"}]
&amp#27;[38;5;32m[AndroidUiautomator2Driver@63f6 (8f5248e9)]&amp#27;[0m Server packages are not going to be (re)installed
&amp#27;[38;5;32m[AndroidUiautomator2Driver@63f6 (8f5248e9)]&amp#27;[0m Waiting up to 30000ms for services to be available
&amp#27;[38;5;48m[ADB]&amp#27;[0m Running 'C:\Users\danev\AppData\Local\Android\Sdk\platform-tools\adb.exe -P 5037 -s emulator-5554 shell pm list instrumentation'
&amp#27;[38;5;32m[AndroidUiautomator2Driver@63f6 (8f5248e9)]&amp#27;[0m Instrumentation target 'io.appium.uiautomator2.server.test/androidx.test.runner.AndroidJUnitRunner' is available
&amp#27;[38;5;48m[ADB]&amp#27;[0m Adding packages ["io.appium.settings","io.appium.uiautomator2.server","io.appium.uiautomator2.server.test"] to Doze whitelist
&amp#27;[38;5;48m[ADB]&amp#27;[0m Got the following command chunks to execute: [["dumpsys","deviceidle","whitelist","+io.appium.settings",";","dumpsys","deviceidle","whitelist","+io.appium.uiautomator2.server",";","dumpsys","deviceidle","whitelist","+io.appium.uiautomator2.server.test",";"]]
&amp#27;[38;5;48m[ADB]&amp#27;[0m Running 'C:\Users\danev\AppData\Local\Android\Sdk\platform-tools\adb.exe -P 5037 -s emulator-5554 shell dumpsys deviceidle whitelist +io.appium.settings ; dumpsys deviceidle whitelist +io.appium.uiautomator2.server ; dumpsys deviceidle whitelist +io.appium.uiautomator2.server.test ;'
&amp#27;[38;5;48m[ADB]&amp#27;[0m apksigner stdout: Signer #1 certificate DN: CN=FDroid, OU=FDroid, O=fdroid.org, L=ORG, ST=ORG, C=UK
&amp#27;[38;5;48m[ADB]&amp#27;[0m Signer #1 certificate SHA-256 digest: 1c3ddb0e8f3258b0ff3b7b6a608d19e7cdeed38a5897bbda23bac155923b1267
&amp#27;[38;5;48m[ADB]&amp#27;[0m Signer #1 certificate SHA-1 digest: 0a2ed9fad0a1578b9531e4e61f9c0169159733aa
&amp#27;[38;5;48m[ADB]&amp#27;[0m Signer #1 certificate MD5 digest: 73bf74eb3798b285a97fbf010ba6ef13
&amp#27;[38;5;48m[ADB]&amp#27;[0m 
&amp#27;[38;5;48m[ADB]&amp#27;[0m 'C:\Users\danev\qaRepo\qa-automation-portfolio\mobile-tests\src\test\resources\apks\org.wikipedia_50530.apk' is signed with a non-default certificate
&amp#27;[38;5;48m[ADB]&amp#27;[0m Uninstalling org.wikipedia
&amp#27;[38;5;48m[ADB]&amp#27;[0m Getting install status for org.wikipedia
&amp#27;[38;5;48m[ADB]&amp#27;[0m Running 'C:\Users\danev\AppData\Local\Android\Sdk\platform-tools\adb.exe -P 5037 -s emulator-5554 shell cmd package list packages'
&amp#27;[38;5;48m[ADB]&amp#27;[0m 'org.wikipedia' is not installed
&amp#27;[38;5;48m[ADB]&amp#27;[0m org.wikipedia was not uninstalled, because it was not present on the device
&amp#27;[38;5;48m[ADB]&amp#27;[0m Getting install status for org.wikipedia
&amp#27;[38;5;48m[ADB]&amp#27;[0m Running 'C:\Users\danev\AppData\Local\Android\Sdk\platform-tools\adb.exe -P 5037 -s emulator-5554 shell cmd package list packages'
&amp#27;[38;5;48m[ADB]&amp#27;[0m 'org.wikipedia' is not installed
&amp#27;[38;5;32m[AndroidUiautomator2Driver@63f6 (8f5248e9)]&amp#27;[0m Running full reset on 'org.wikipedia' (reinstall)
&amp#27;[38;5;48m[ADB]&amp#27;[0m Running 'C:\Users\danev\AppData\Local\Android\Sdk\platform-tools\adb.exe -P 5037 -s emulator-5554 help'
&amp#27;[38;5;48m[ADB]&amp#27;[0m Running 'C:\Users\danev\AppData\Local\Android\Sdk\platform-tools\adb.exe -P 5037 -s emulator-5554 features'
&amp#27;[38;5;48m[ADB]&amp#27;[0m The application at 'C:\Users\danev\qaRepo\qa-automation-portfolio\mobile-tests\src\test\resources\apks\org.wikipedia_50530.apk' will not be cached, because the device under test has confirmed the support of streamed installs
&amp#27;[38;5;48m[ADB]&amp#27;[0m Running 'C:\Users\danev\AppData\Local\Android\Sdk\platform-tools\adb.exe -P 5037 -s emulator-5554 install -r -g C:\Users\danev\qaRepo\qa-automation-portfolio\mobile-tests\src\test\resources\apks\org.wikipedia_50530.apk'
&amp#27;[38;5;48m[ADB]&amp#27;[0m The installation of 'org.wikipedia_50530.apk' took 1807ms
&amp#27;[38;5;48m[ADB]&amp#27;[0m Install command stdout: Performing Streamed Install
&amp#27;[38;5;48m[ADB]&amp#27;[0m Success
&amp#27;[38;5;32m[AndroidUiautomator2Driver@63f6 (8f5248e9)]&amp#27;[0m Performing shallow cleanup of automation leftovers
&amp#27;[38;5;32m[AndroidUiautomator2Driver@63f6 (8f5248e9)]&amp#27;[0m No obsolete sessions have been detected (socket hang up)
&amp#27;[38;5;48m[ADB]&amp#27;[0m Running 'C:\Users\danev\AppData\Local\Android\Sdk\platform-tools\adb.exe -P 5037 -s emulator-5554 shell am force-stop io.appium.uiautomator2.server.test'
&amp#27;[38;5;32m[AndroidUiautomator2Driver@63f6 (8f5248e9)]&amp#27;[0m Starting UIAutomator2 server 7.0.5
&amp#27;[38;5;32m[AndroidUiautomator2Driver@63f6 (8f5248e9)]&amp#27;[0m Using UIAutomator2 server from 'C:\Users\danev\node_modules\appium-uiautomator2-driver\node_modules\appium-uiautomator2-server\apks\appium-uiautomator2-server-v7.0.5.apk' and test from 'C:\Users\danev\node_modules\appium-uiautomator2-driver\node_modules\appium-uiautomator2-server\apks\appium-uiautomator2-server-debug-androidTest.apk'
&amp#27;[38;5;32m[AndroidUiautomator2Driver@63f6 (8f5248e9)]&amp#27;[0m Waiting up to 30000ms for UiAutomator2 to be online...
&amp#27;[38;5;48m[ADB]&amp#27;[0m Creating ADB subprocess with args: ["-P","5037","-s","emulator-5554","shell","am","instrument","-w","-e","disableAnalytics","true","io.appium.uiautomator2.server.test/androidx.test.runner.AndroidJUnitRunner"]
&amp#27;[38;5;32m[AndroidUiautomator2Driver@63f6 (8f5248e9)]&amp#27;[0m Matched '/status' to command name 'getStatus'
&amp#27;[38;5;32m[AndroidUiautomator2Driver@63f6 (8f5248e9)]&amp#27;[0m Proxying [GET /status] to [GET http://127.0.0.1:8200/status] with no body
&amp#27;[38;5;32m[AndroidUiautomator2Driver@63f6 (8f5248e9)]&amp#27;[0m socket hang up
&amp#27;[38;5;96m[Instrumentation]&amp#27;[0m io.appium.uiautomator2.server.test.AppiumUiAutomator2Server:
&amp#27;[38;5;32m[AndroidUiautomator2Driver@63f6 (8f5248e9)]&amp#27;[0m Matched '/status' to command name 'getStatus'
&amp#27;[38;5;32m[AndroidUiautomator2Driver@63f6 (8f5248e9)]&amp#27;[0m Proxying [GET /status] to [GET http://127.0.0.1:8200/status] with no body
&amp#27;[38;5;32m[AndroidUiautomator2Driver@63f6 (8f5248e9)]&amp#27;[0m socket hang up
&amp#27;[38;5;32m[AndroidUiautomator2Driver@63f6 (8f5248e9)]&amp#27;[0m Matched '/status' to command name 'getStatus'
&amp#27;[38;5;32m[AndroidUiautomator2Driver@63f6 (8f5248e9)]&amp#27;[0m Proxying [GET /status] to [GET http://127.0.0.1:8200/status] with no body
&amp#27;[38;5;32m[AndroidUiautomator2Driver@63f6 (8f5248e9)]&amp#27;[0m Got response with status 200: {"sessionId":"None","value":{"message":"UiAutomator2 Server is ready to accept commands","ready":true}}
&amp#27;[38;5;32m[AndroidUiautomator2Driver@63f6 (8f5248e9)]&amp#27;[0m The initialization of the instrumentation process took 2135ms
&amp#27;[38;5;32m[AndroidUiautomator2Driver@63f6 (8f5248e9)]&amp#27;[0m Matched '/session' to command name 'createSession'
&amp#27;[38;5;32m[AndroidUiautomator2Driver@63f6 (8f5248e9)]&amp#27;[0m Proxying [POST /session] to [POST http://127.0.0.1:8200/session] with body: {"capabilities":{"firstMatch":[{"platformName":"ANDROID","noReset":false,"autoGrantPermissions":true,"appActivity":"org.wikipedia.main.MainActivity","appWaitActivity":"*","deviceName":"emulator-5554","automationName":"UiAutomator2","fullReset":true,"app":"C:\\Users\\danev\\qaRepo\\qa-automation-portfolio\\mobile-tests\\src\\test\\resources\\apks\\org.wikipedia_50530.apk","appPackage":"org.wikipedia","platform":"LINUX","webStorageEnabled":false,"takesScreenshot":true,"javascriptEnabled":true,"databaseEnabled":false,"networkConnectionEnabled":true,"locationContextEnabled":false,"warnings":{},"desired":{"platformName":"ANDROID","noReset":false,"autoGrantPermissions":true,"appActivity":"org.wikipedia.main.MainActivity","appWaitActivity":"*","deviceName":"emulator-5554","automationName":"UiAutomator2","fullReset":true,"app":"C:\\Users\\danev\\qaRepo\\qa-automation-portfolio\\mobile-tests\\src\\test\\resources\\apks\\org.wikipedia_50530.apk","appPackage":"org.wikipedia"},"deviceUDID":"emulator-5554"}],"alwaysMat...
&amp#27;[38;5;32m[AndroidUiautomator2Driver@63f6 (8f5248e9)]&amp#27;[0m Got response with status 200: {"sessionId":"a9ed87b5-060b-44c2-9e25-837776476da5","value":{"capabilities":{"firstMatch":[{"platformName":"ANDROID","noReset":false,"autoGrantPermissions":true,"appActivity":"org.wikipedia.main.MainActivity","appWaitActivity":"*","deviceName":"emulator-5554","automationName":"UiAutomator2","fullReset":true,"app":"C:\\Users\\danev\\qaRepo\\qa-automation-portfolio\\mobile-tests\\src\\test\\resources\\apks\\org.wikipedia_50530.apk","appPackage":"org.wikipedia","platform":"LINUX","webStorageEnabled":false,"takesScreenshot":true,"javascriptEnabled":true,"databaseEnabled":false,"networkConnectionEnabled":true,"locationContextEnabled":false,"warnings":{},"desired":{"platformName":"ANDROID","noReset":false,"autoGrantPermissions":true,"appActivity":"org.wikipedia.main.MainActivity","appWaitActivity":"*","deviceName":"emulator-5554","automationName":"UiAutomator2","fullReset":true,"app":"C:\\Users\\danev\\qaRepo\\qa-automation-portfolio\\mobile-tests\\src\\test\\resources\\apks\\org.wikipedia_50530.apk","appPackage...
&amp#27;[38;5;32m[AndroidUiautomator2Driver@63f6 (8f5248e9)]&amp#27;[0m Determined the downstream protocol as 'W3C'
&amp#27;[38;5;32m[AndroidUiautomator2Driver@63f6 (8f5248e9)]&amp#27;[0m Proxying [GET /appium/device/pixel_ratio] to [GET http://127.0.0.1:8200/session/a9ed87b5-060b-44c2-9e25-837776476da5/appium/device/pixel_ratio] with no body
&amp#27;[38;5;32m[AndroidUiautomator2Driver@63f6 (8f5248e9)]&amp#27;[0m Matched '/appium/device/system_bars' to command name 'getSystemBars'
&amp#27;[38;5;32m[AndroidUiautomator2Driver@63f6 (8f5248e9)]&amp#27;[0m Proxying [GET /appium/device/system_bars] to [GET http://127.0.0.1:8200/session/a9ed87b5-060b-44c2-9e25-837776476da5/appium/device/system_bars] with no body
&amp#27;[38;5;32m[AndroidUiautomator2Driver@63f6 (8f5248e9)]&amp#27;[0m Matched '/window/current/size' to command name 'getWindowSize'
&amp#27;[38;5;32m[AndroidUiautomator2Driver@63f6 (8f5248e9)]&amp#27;[0m Proxying [GET /window/current/size] to [GET http://127.0.0.1:8200/session/a9ed87b5-060b-44c2-9e25-837776476da5/window/current/size] with no body
&amp#27;[38;5;32m[AndroidUiautomator2Driver@63f6 (8f5248e9)]&amp#27;[0m Proxying [GET /appium/device/info] to [GET http://127.0.0.1:8200/session/a9ed87b5-060b-44c2-9e25-837776476da5/appium/device/info] with no body
&amp#27;[38;5;48m[ADB]&amp#27;[0m Running 'C:\Users\danev\AppData\Local\Android\Sdk\platform-tools\adb.exe -P 5037 -s emulator-5554 shell dumpsys window'
&amp#27;[38;5;32m[AndroidUiautomator2Driver@63f6 (8f5248e9)]&amp#27;[0m Got response with status 200: {"sessionId":"a9ed87b5-060b-44c2-9e25-837776476da5","value":3}
&amp#27;[38;5;32m[AndroidUiautomator2Driver@63f6 (8f5248e9)]&amp#27;[0m Got response with status 200: {"sessionId":"a9ed87b5-060b-44c2-9e25-837776476da5","value":{"height":2992,"width":1344}}
&amp#27;[38;5;32m[AndroidUiautomator2Driver@63f6 (8f5248e9)]&amp#27;[0m Got response with status 200: {"sessionId":"a9ed87b5-060b-44c2-9e25-837776476da5","value":{"statusBar":151}}
&amp#27;[38;5;32m[AndroidUiautomator2Driver@63f6 (8f5248e9)]&amp#27;[0m Got response with status 200: {"sessionId":"a9ed87b5-060b-44c2-9e25-837776476da5","value":{"androidId":"d18ddb0676223af8","apiVersion":"34","bluetooth":{"state":"ON"},"brand":"google","carrierName":"T-Mobile","displayDensity":480,"locale":"en_US","manufacturer":"Google","model":"sdk_gphone64_x86_64","networks":[{"capabilities":{"SSID":null,"linkDownBandwidthKbps":30000,"linkUpstreamBandwidthKbps":12000,"networkCapabilities":"NET_CAPABILITY_NOT_METERED,NET_CAPABILITY_INTERNET,NET_CAPABILITY_NOT_RESTRICTED,NET_CAPABILITY_TRUSTED,NET_CAPABILITY_NOT_VPN,NET_CAPABILITY_VALIDATED,NET_CAPABILITY_NOT_ROAMING,NET_CAPABILITY_FOREGROUND,NET_CAPABILITY_NOT_CONGESTED,NET_CAPABILITY_NOT_SUSPENDED","signalStrength":-50,"transportTypes":"TRANSPORT_WIFI"},"detailedState":"CONNECTED","extraInfo":"","isAvailable":true,"isConnected":true,"isFailover":false,"isRoaming":false,"state":"CONNECTED","subtype":-1,"subtypeName":"","type":1,"typeName":"WIFI"},{"capabilities":{"SSID":null,"linkDownBandwidthKbps":30000,"linkUpstreamBandwidthKbps":15000,"networkCapab...
&amp#27;[38;5;32m[AndroidUiautomator2Driver@63f6 (8f5248e9)]&amp#27;[0m Screen already unlocked, doing nothing
&amp#27;[38;5;32m[AndroidUiautomator2Driver@63f6 (8f5248e9)]&amp#27;[0m Starting 'org.wikipedia/org.wikipedia.main.MainActivity and waiting for 'org.wikipedia/*'
&amp#27;[38;5;48m[ADB]&amp#27;[0m Running 'C:\Users\danev\AppData\Local\Android\Sdk\platform-tools\adb.exe -P 5037 -s emulator-5554 shell am start -W -n org.wikipedia/org.wikipedia.main.MainActivity -S -a android.intent.action.MAIN -c android.intent.category.LAUNCHER -f 0x10200000'
&amp#27;[38;5;48m[ADB]&amp#27;[0m Waiting up to 20000ms for activity matching pkg: 'org.wikipedia' and activity: '*' to be focused
&amp#27;[38;5;48m[ADB]&amp#27;[0m Possible activities, to be checked: '*', 'org.wikipedia.*'
&amp#27;[38;5;48m[ADB]&amp#27;[0m Getting focused package and activity
&amp#27;[38;5;48m[ADB]&amp#27;[0m Running 'C:\Users\danev\AppData\Local\Android\Sdk\platform-tools\adb.exe -P 5037 -s emulator-5554 shell dumpsys window displays'
&amp#27;[38;5;48m[ADB]&amp#27;[0m Found package: 'org.wikipedia' and fully qualified activity name : 'org.wikipedia.onboarding.InitialOnboardingActivity'
&amp#27;[38;5;16m[AppiumDriver@3d75]&amp#27;[0m New AndroidUiautomator2Driver session created successfully, session 8f5248e9-1602-44ec-b769-c2e3a0414b77 added to master session list
&amp#27;[38;5;16m[AppiumDriver@3d75]&amp#27;[0m Event 'newSessionStarted' logged at 1750055308413 (01:28:28 GMT-0500 (Central Daylight Time))
&amp#27;[38;5;32m[AndroidUiautomator2Driver@63f6 (8f5248e9)]&amp#27;[0m Cached the protocol value 'W3C' for the new session 8f5248e9-1602-44ec-b769-c2e3a0414b77
&amp#27;[38;5;32m[AndroidUiautomator2Driver@63f6 (8f5248e9)]&amp#27;[0m Responding to client with driver.createSession() result: {"capabilities":{"platformName":"ANDROID","noReset":false,"autoGrantPermissions":true,"appActivity":"org.wikipedia.main.MainActivity","appWaitActivity":"*","deviceName":"emulator-5554","automationName":"UiAutomator2","fullReset":true,"app":"C:\\Users\\danev\\qaRepo\\qa-automation-portfolio\\mobile-tests\\src\\test\\resources\\apks\\org.wikipedia_50530.apk","appPackage":"org.wikipedia","platform":"LINUX","webStorageEnabled":false,"takesScreenshot":true,"javascriptEnabled":true,"databaseEnabled":false,"networkConnectionEnabled":true,"locationContextEnabled":false,"warnings":{},"desired":{"platformName":"ANDROID","noReset":false,"autoGrantPermissions":true,"appActivity":"org.wikipedia.main.MainActivity","appWaitActivity":"*","deviceName":"emulator-5554","automationName":"UiAutomator2","fullReset":true,"app":"C:\\Users\\danev\\qaRepo\\qa-automation-portfolio\\mobile-tests\\src\\test\\resources\\apks\\org.wikipedia_50530.apk","appPackage":"org.wikipedia"},"deviceUDID":"emulator-5554","pixelRatio":"3","statBarHe...
&amp#27;[38;5;0m[HTTP]&amp#27;[0m &amp#27;[37m<-- POST /session &amp#27;[39m&amp#27;[32m200&amp#27;[39m &amp#27;[90m6663 ms - 1322&amp#27;[39m
&amp#27;[38;5;0m[HTTP]&amp#27;[0m &amp#27;[90m&amp#27;[39m
&amp#27;[38;5;0m[HTTP]&amp#27;[0m &amp#27;[37m-->&amp#27;[39m &amp#27;[37mPOST&amp#27;[39m &amp#27;[37m/session/8f5248e9-1602-44ec-b769-c2e3a0414b77/timeouts&amp#27;[39m
&amp#27;[38;5;0m[HTTP]&amp#27;[0m &amp#27;[90m{"implicit":30000}&amp#27;[39m
&amp#27;[38;5;32m[AndroidUiautomator2Driver@63f6 (8f5248e9)]&amp#27;[0m Calling AppiumDriver.timeouts() with args: [null,null,null,null,30000,"8f5248e9-1602-44ec-b769-c2e3a0414b77"]
&amp#27;[38;5;32m[AndroidUiautomator2Driver@63f6 (8f5248e9)]&amp#27;[0m W3C timeout argument: {"implicit":30000}}
&amp#27;[38;5;32m[AndroidUiautomator2Driver@63f6 (8f5248e9)]&amp#27;[0m Set implicit wait to 30000ms
&amp#27;[38;5;32m[AndroidUiautomator2Driver@63f6 (8f5248e9)]&amp#27;[0m Responding to client with driver.timeouts() result: null
&amp#27;[38;5;0m[HTTP]&amp#27;[0m &amp#27;[37m<-- POST /session/8f5248e9-1602-44ec-b769-c2e3a0414b77/timeouts &amp#27;[39m&amp#27;[32m200&amp#27;[39m &amp#27;[90m3 ms - 14&amp#27;[39m
&amp#27;[38;5;0m[HTTP]&amp#27;[0m &amp#27;[90m&amp#27;[39m
[BeforeMethod] Resetting app for test: testSearchForTerm
&amp#27;[38;5;0m[HTTP]&amp#27;[0m &amp#27;[37m-->&amp#27;[39m &amp#27;[37mPOST&amp#27;[39m &amp#27;[37m/session/8f5248e9-1602-44ec-b769-c2e3a0414b77/execute/sync&amp#27;[39m
&amp#27;[38;5;0m[HTTP]&amp#27;[0m &amp#27;[90m{"script":"mobile: backgroundApp","args":[{"seconds":0}]}&amp#27;[39m
&amp#27;[38;5;32m[AndroidUiautomator2Driver@63f6 (8f5248e9)]&amp#27;[0m Calling AppiumDriver.execute() with args: ["mobile: backgroundApp",[{"seconds":0}],"8f5248e9-1602-44ec-b769-c2e3a0414b77"]
&amp#27;[38;5;32m[AndroidUiautomator2Driver@63f6 (8f5248e9)]&amp#27;[0m Executing method 'mobile: backgroundApp'
&amp#27;[38;5;48m[ADB]&amp#27;[0m Getting focused package and activity
&amp#27;[38;5;48m[ADB]&amp#27;[0m Running 'C:\Users\danev\AppData\Local\Android\Sdk\platform-tools\adb.exe -P 5037 -s emulator-5554 shell dumpsys window displays'
&amp#27;[38;5;48m[ADB]&amp#27;[0m Pressing the HOME button
&amp#27;[38;5;48m[ADB]&amp#27;[0m Running 'C:\Users\danev\AppData\Local\Android\Sdk\platform-tools\adb.exe -P 5037 -s emulator-5554 shell input keyevent 3'
&amp#27;[38;5;32m[AndroidUiautomator2Driver@63f6 (8f5248e9)]&amp#27;[0m Activating app 'org.wikipedia' in order to restore it
&amp#27;[38;5;32m[AndroidUiautomator2Driver@63f6 (8f5248e9)]&amp#27;[0m Activating 'org.wikipedia'
&amp#27;[38;5;48m[ADB]&amp#27;[0m Running 'C:\Users\danev\AppData\Local\Android\Sdk\platform-tools\adb.exe -P 5037 -s emulator-5554 shell cmd package resolve-activity --brief org.wikipedia'
&amp#27;[38;5;48m[ADB]&amp#27;[0m Running 'C:\Users\danev\AppData\Local\Android\Sdk\platform-tools\adb.exe -P 5037 -s emulator-5554 shell am start-activity -a android.intent.action.MAIN -c android.intent.category.LAUNCHER -f 0x10200000 -n org.wikipedia/.main.MainActivity'
&amp#27;[38;5;32m[AndroidUiautomator2Driver@63f6 (8f5248e9)]&amp#27;[0m Starting: Intent { act=android.intent.action.MAIN cat=[android.intent.category.LAUNCHER] flg=0x10200000 cmp=org.wikipedia/.main.MainActivity }
&amp#27;[38;5;32m[AndroidUiautomator2Driver@63f6 (8f5248e9)]&amp#27;[0m Responding to client with driver.execute() result: null
&amp#27;[38;5;0m[HTTP]&amp#27;[0m &amp#27;[37m<-- POST /session/8f5248e9-1602-44ec-b769-c2e3a0414b77/execute/sync &amp#27;[39m&amp#27;[32m200&amp#27;[39m &amp#27;[90m224 ms - 14&amp#27;[39m
&amp#27;[38;5;0m[HTTP]&amp#27;[0m &amp#27;[90m&amp#27;[39m
&amp#27;[38;5;0m[HTTP]&amp#27;[0m &amp#27;[37m-->&amp#27;[39m &amp#27;[37mPOST&amp#27;[39m &amp#27;[37m/session/8f5248e9-1602-44ec-b769-c2e3a0414b77/execute/sync&amp#27;[39m
&amp#27;[38;5;0m[HTTP]&amp#27;[0m &amp#27;[90m{"script":"mobile: activateApp","args":[{"appId":"org.wikipedia","bundleId":"org.wikipedia"}]}&amp#27;[39m
&amp#27;[38;5;32m[AndroidUiautomator2Driver@63f6 (8f5248e9)]&amp#27;[0m Calling AppiumDriver.execute() with args: ["mobile: activateApp",[{"appId":"org.wikipedia","bundleId":"org.wikipedia"}],"8f5248e9-1602-44ec-b769-c2e3a0414b77"]
&amp#27;[38;5;32m[AndroidUiautomator2Driver@63f6 (8f5248e9)]&amp#27;[0m Executing method 'mobile: activateApp'
&amp#27;[38;5;32m[AndroidUiautomator2Driver@63f6 (8f5248e9)]&amp#27;[0m Activating 'org.wikipedia'
&amp#27;[38;5;48m[ADB]&amp#27;[0m Running 'C:\Users\danev\AppData\Local\Android\Sdk\platform-tools\adb.exe -P 5037 -s emulator-5554 shell cmd package resolve-activity --brief org.wikipedia'
&amp#27;[38;5;48m[ADB]&amp#27;[0m Running 'C:\Users\danev\AppData\Local\Android\Sdk\platform-tools\adb.exe -P 5037 -s emulator-5554 shell am start-activity -a android.intent.action.MAIN -c android.intent.category.LAUNCHER -f 0x10200000 -n org.wikipedia/.main.MainActivity'
&amp#27;[38;5;32m[AndroidUiautomator2Driver@63f6 (8f5248e9)]&amp#27;[0m Starting: Intent { act=android.intent.action.MAIN cat=[android.intent.category.LAUNCHER] flg=0x10200000 cmp=org.wikipedia/.main.MainActivity }
&amp#27;[38;5;32m[AndroidUiautomator2Driver@63f6 (8f5248e9)]&amp#27;[0m Responding to client with driver.execute() result: null
&amp#27;[38;5;0m[HTTP]&amp#27;[0m &amp#27;[37m<-- POST /session/8f5248e9-1602-44ec-b769-c2e3a0414b77/execute/sync &amp#27;[39m&amp#27;[32m200&amp#27;[39m &amp#27;[90m116 ms - 14&amp#27;[39m
&amp#27;[38;5;0m[HTTP]&amp#27;[0m &amp#27;[90m&amp#27;[39m
&amp#27;[38;5;0m[HTTP]&amp#27;[0m &amp#27;[37m-->&amp#27;[39m &amp#27;[37mPOST&amp#27;[39m &amp#27;[37m/session/8f5248e9-1602-44ec-b769-c2e3a0414b77/timeouts&amp#27;[39m
&amp#27;[38;5;0m[HTTP]&amp#27;[0m &amp#27;[90m{"implicit":0}&amp#27;[39m
&amp#27;[38;5;32m[AndroidUiautomator2Driver@63f6 (8f5248e9)]&amp#27;[0m Calling AppiumDriver.timeouts() with args: [null,null,null,null,0,"8f5248e9-1602-44ec-b769-c2e3a0414b77"]
&amp#27;[38;5;32m[AndroidUiautomator2Driver@63f6 (8f5248e9)]&amp#27;[0m W3C timeout argument: {"implicit":0}}
&amp#27;[38;5;32m[AndroidUiautomator2Driver@63f6 (8f5248e9)]&amp#27;[0m Set implicit wait to 0ms
&amp#27;[38;5;32m[AndroidUiautomator2Driver@63f6 (8f5248e9)]&amp#27;[0m Responding to client with driver.timeouts() result: null
&amp#27;[38;5;0m[HTTP]&amp#27;[0m &amp#27;[37m<-- POST /session/8f5248e9-1602-44ec-b769-c2e3a0414b77/timeouts &amp#27;[39m&amp#27;[32m200&amp#27;[39m &amp#27;[90m1 ms - 14&amp#27;[39m
&amp#27;[38;5;0m[HTTP]&amp#27;[0m &amp#27;[90m&amp#27;[39m
&amp#27;[38;5;0m[HTTP]&amp#27;[0m &amp#27;[37m-->&amp#27;[39m &amp#27;[37mPOST&amp#27;[39m &amp#27;[37m/session/8f5248e9-1602-44ec-b769-c2e3a0414b77/element&amp#27;[39m
&amp#27;[38;5;0m[HTTP]&amp#27;[0m &amp#27;[90m{"using":"id","value":"org.wikipedia:id/fragment_onboarding_skip_button"}&amp#27;[39m
&amp#27;[38;5;32m[AndroidUiautomator2Driver@63f6 (8f5248e9)]&amp#27;[0m Calling AppiumDriver.findElement() with args: ["id","org.wikipedia:id/fragment_onboarding_skip_button","8f5248e9-1602-44ec-b769-c2e3a0414b77"]
&amp#27;[38;5;32m[AndroidUiautomator2Driver@63f6 (8f5248e9)]&amp#27;[0m Valid locator strategies for this request: xpath, id, class name, accessibility id, css selector, -android uiautomator
&amp#27;[38;5;32m[AndroidUiautomator2Driver@63f6 (8f5248e9)]&amp#27;[0m Waiting up to 0 ms for condition
&amp#27;[38;5;32m[AndroidUiautomator2Driver@63f6 (8f5248e9)]&amp#27;[0m Matched '/element' to command name 'findElement'
&amp#27;[38;5;32m[AndroidUiautomator2Driver@63f6 (8f5248e9)]&amp#27;[0m Proxying [POST /element] to [POST http://127.0.0.1:8200/session/a9ed87b5-060b-44c2-9e25-837776476da5/element] with body: {"strategy":"id","selector":"org.wikipedia:id/fragment_onboarding_skip_button","context":"","multiple":false}
&amp#27;[38;5;32m[AndroidUiautomator2Driver@63f6 (8f5248e9)]&amp#27;[0m Got response with status 200: {"sessionId":"a9ed87b5-060b-44c2-9e25-837776476da5","value":{"ELEMENT":"00000000-0000-023b-ffff-ffff00000054","element-6066-11e4-a52e-4f735466cecf":"00000000-0000-023b-ffff-ffff00000054"}}
&amp#27;[38;5;32m[AndroidUiautomator2Driver@63f6 (8f5248e9)]&amp#27;[0m Responding to client with driver.findElement() result: {"element-6066-11e4-a52e-4f735466cecf":"00000000-0000-023b-ffff-ffff00000054","ELEMENT":"00000000-0000-023b-ffff-ffff00000054"}
&amp#27;[38;5;0m[HTTP]&amp#27;[0m &amp#27;[37m<-- POST /session/8f5248e9-1602-44ec-b769-c2e3a0414b77/element &amp#27;[39m&amp#27;[32m200&amp#27;[39m &amp#27;[90m565 ms - 137&amp#27;[39m
&amp#27;[38;5;0m[HTTP]&amp#27;[0m &amp#27;[90m&amp#27;[39m
&amp#27;[38;5;0m[HTTP]&amp#27;[0m &amp#27;[37m-->&amp#27;[39m &amp#27;[37mGET&amp#27;[39m &amp#27;[37m/session/8f5248e9-1602-44ec-b769-c2e3a0414b77/element/00000000-0000-023b-ffff-ffff00000054/displayed&amp#27;[39m
&amp#27;[38;5;0m[HTTP]&amp#27;[0m &amp#27;[90m{}&amp#27;[39m
&amp#27;[38;5;32m[AndroidUiautomator2Driver@63f6 (8f5248e9)]&amp#27;[0m Calling AppiumDriver.elementDisplayed() with args: ["00000000-0000-023b-ffff-ffff00000054","8f5248e9-1602-44ec-b769-c2e3a0414b77"]
&amp#27;[38;5;32m[AndroidUiautomator2Driver@63f6 (8f5248e9)]&amp#27;[0m Matched '/element/00000000-0000-023b-ffff-ffff00000054/attribute/displayed' to command name 'getAttribute'
&amp#27;[38;5;32m[AndroidUiautomator2Driver@63f6 (8f5248e9)]&amp#27;[0m Proxying [GET /element/00000000-0000-023b-ffff-ffff00000054/attribute/displayed] to [GET http://127.0.0.1:8200/session/a9ed87b5-060b-44c2-9e25-837776476da5/element/00000000-0000-023b-ffff-ffff00000054/attribute/displayed] with no body
&amp#27;[38;5;32m[AndroidUiautomator2Driver@63f6 (8f5248e9)]&amp#27;[0m Got response with status 200: {"sessionId":"a9ed87b5-060b-44c2-9e25-837776476da5","value":"true"}
&amp#27;[38;5;32m[AndroidUiautomator2Driver@63f6 (8f5248e9)]&amp#27;[0m Responding to client with driver.elementDisplayed() result: true
&amp#27;[38;5;0m[HTTP]&amp#27;[0m &amp#27;[37m<-- GET /session/8f5248e9-1602-44ec-b769-c2e3a0414b77/element/00000000-0000-023b-ffff-ffff00000054/displayed &amp#27;[39m&amp#27;[32m200&amp#27;[39m &amp#27;[90m14 ms - 14&amp#27;[39m
&amp#27;[38;5;0m[HTTP]&amp#27;[0m &amp#27;[90m&amp#27;[39m
&amp#27;[38;5;0m[HTTP]&amp#27;[0m &amp#27;[37m-->&amp#27;[39m &amp#27;[37mPOST&amp#27;[39m &amp#27;[37m/session/8f5248e9-1602-44ec-b769-c2e3a0414b77/element/00000000-0000-023b-ffff-ffff00000054/click&amp#27;[39m
&amp#27;[38;5;0m[HTTP]&amp#27;[0m &amp#27;[90m{"id":"00000000-0000-023b-ffff-ffff00000054"}&amp#27;[39m
&amp#27;[38;5;32m[AndroidUiautomator2Driver@63f6 (8f5248e9)]&amp#27;[0m Calling AppiumDriver.click() with args: ["00000000-0000-023b-ffff-ffff00000054","8f5248e9-1602-44ec-b769-c2e3a0414b77"]
&amp#27;[38;5;32m[AndroidUiautomator2Driver@63f6 (8f5248e9)]&amp#27;[0m Matched '/element/00000000-0000-023b-ffff-ffff00000054/click' to command name 'click'
&amp#27;[38;5;32m[AndroidUiautomator2Driver@63f6 (8f5248e9)]&amp#27;[0m Proxying [POST /element/00000000-0000-023b-ffff-ffff00000054/click] to [POST http://127.0.0.1:8200/session/a9ed87b5-060b-44c2-9e25-837776476da5/element/00000000-0000-023b-ffff-ffff00000054/click] with body: {"element":"00000000-0000-023b-ffff-ffff00000054"}
&amp#27;[38;5;32m[AndroidUiautomator2Driver@63f6 (8f5248e9)]&amp#27;[0m Got response with status 200: {"sessionId":"a9ed87b5-060b-44c2-9e25-837776476da5","value":null}
&amp#27;[38;5;32m[AndroidUiautomator2Driver@63f6 (8f5248e9)]&amp#27;[0m Responding to client with driver.click() result: null
&amp#27;[38;5;0m[HTTP]&amp#27;[0m &amp#27;[37m<-- POST /session/8f5248e9-1602-44ec-b769-c2e3a0414b77/element/00000000-0000-023b-ffff-ffff00000054/click &amp#27;[39m&amp#27;[32m200&amp#27;[39m &amp#27;[90m46 ms - 14&amp#27;[39m
&amp#27;[38;5;0m[HTTP]&amp#27;[0m &amp#27;[90m&amp#27;[39m
[INFO] Onboarding skipped.
&amp#27;[38;5;0m[HTTP]&amp#27;[0m &amp#27;[37m-->&amp#27;[39m &amp#27;[37mPOST&amp#27;[39m &amp#27;[37m/session/8f5248e9-1602-44ec-b769-c2e3a0414b77/timeouts&amp#27;[39m
&amp#27;[38;5;0m[HTTP]&amp#27;[0m &amp#27;[90m{"implicit":30000}&amp#27;[39m
&amp#27;[38;5;32m[AndroidUiautomator2Driver@63f6 (8f5248e9)]&amp#27;[0m Calling AppiumDriver.timeouts() with args: [null,null,null,null,30000,"8f5248e9-1602-44ec-b769-c2e3a0414b77"]
&amp#27;[38;5;32m[AndroidUiautomator2Driver@63f6 (8f5248e9)]&amp#27;[0m W3C timeout argument: {"implicit":30000}}
&amp#27;[38;5;32m[AndroidUiautomator2Driver@63f6 (8f5248e9)]&amp#27;[0m Set implicit wait to 30000ms
&amp#27;[38;5;32m[AndroidUiautomator2Driver@63f6 (8f5248e9)]&amp#27;[0m Responding to client with driver.timeouts() result: null
&amp#27;[38;5;0m[HTTP]&amp#27;[0m &amp#27;[37m<-- POST /session/8f5248e9-1602-44ec-b769-c2e3a0414b77/timeouts &amp#27;[39m&amp#27;[32m200&amp#27;[39m &amp#27;[90m1 ms - 14&amp#27;[39m
&amp#27;[38;5;0m[HTTP]&amp#27;[0m &amp#27;[90m&amp#27;[39m
&amp#27;[38;5;0m[HTTP]&amp#27;[0m &amp#27;[37m-->&amp#27;[39m &amp#27;[37mPOST&amp#27;[39m &amp#27;[37m/session/8f5248e9-1602-44ec-b769-c2e3a0414b77/element&amp#27;[39m
&amp#27;[38;5;0m[HTTP]&amp#27;[0m &amp#27;[90m{"using":"id","value":"org.wikipedia:id/search_container"}&amp#27;[39m
&amp#27;[38;5;32m[AndroidUiautomator2Driver@63f6 (8f5248e9)]&amp#27;[0m Calling AppiumDriver.findElement() with args: ["id","org.wikipedia:id/search_container","8f5248e9-1602-44ec-b769-c2e3a0414b77"]
&amp#27;[38;5;32m[AndroidUiautomator2Driver@63f6 (8f5248e9)]&amp#27;[0m Valid locator strategies for this request: xpath, id, class name, accessibility id, css selector, -android uiautomator
&amp#27;[38;5;32m[AndroidUiautomator2Driver@63f6 (8f5248e9)]&amp#27;[0m Waiting up to 30000 ms for condition
&amp#27;[38;5;32m[AndroidUiautomator2Driver@63f6 (8f5248e9)]&amp#27;[0m Matched '/element' to command name 'findElement'
&amp#27;[38;5;32m[AndroidUiautomator2Driver@63f6 (8f5248e9)]&amp#27;[0m Proxying [POST /element] to [POST http://127.0.0.1:8200/session/a9ed87b5-060b-44c2-9e25-837776476da5/element] with body: {"strategy":"id","selector":"org.wikipedia:id/search_container","context":"","multiple":false}
&amp#27;[38;5;32m[AndroidUiautomator2Driver@63f6 (8f5248e9)]&amp#27;[0m Got response with status 200: {"sessionId":"a9ed87b5-060b-44c2-9e25-837776476da5","value":{"ELEMENT":"00000000-0000-023a-ffff-ffff00000040","element-6066-11e4-a52e-4f735466cecf":"00000000-0000-023a-ffff-ffff00000040"}}
&amp#27;[38;5;32m[AndroidUiautomator2Driver@63f6 (8f5248e9)]&amp#27;[0m Responding to client with driver.findElement() result: {"element-6066-11e4-a52e-4f735466cecf":"00000000-0000-023a-ffff-ffff00000040","ELEMENT":"00000000-0000-023a-ffff-ffff00000040"}
&amp#27;[38;5;0m[HTTP]&amp#27;[0m &amp#27;[37m<-- POST /session/8f5248e9-1602-44ec-b769-c2e3a0414b77/element &amp#27;[39m&amp#27;[32m200&amp#27;[39m &amp#27;[90m1347 ms - 137&amp#27;[39m
&amp#27;[38;5;0m[HTTP]&amp#27;[0m &amp#27;[90m&amp#27;[39m
&amp#27;[38;5;0m[HTTP]&amp#27;[0m &amp#27;[37m-->&amp#27;[39m &amp#27;[37mGET&amp#27;[39m &amp#27;[37m/session/8f5248e9-1602-44ec-b769-c2e3a0414b77/element/00000000-0000-023a-ffff-ffff00000040/displayed&amp#27;[39m
&amp#27;[38;5;0m[HTTP]&amp#27;[0m &amp#27;[90m{}&amp#27;[39m
&amp#27;[38;5;32m[AndroidUiautomator2Driver@63f6 (8f5248e9)]&amp#27;[0m Calling AppiumDriver.elementDisplayed() with args: ["00000000-0000-023a-ffff-ffff00000040","8f5248e9-1602-44ec-b769-c2e3a0414b77"]
&amp#27;[38;5;32m[AndroidUiautomator2Driver@63f6 (8f5248e9)]&amp#27;[0m Matched '/element/00000000-0000-023a-ffff-ffff00000040/attribute/displayed' to command name 'getAttribute'
&amp#27;[38;5;32m[AndroidUiautomator2Driver@63f6 (8f5248e9)]&amp#27;[0m Proxying [GET /element/00000000-0000-023a-ffff-ffff00000040/attribute/displayed] to [GET http://127.0.0.1:8200/session/a9ed87b5-060b-44c2-9e25-837776476da5/element/00000000-0000-023a-ffff-ffff00000040/attribute/displayed] with no body
&amp#27;[38;5;32m[AndroidUiautomator2Driver@63f6 (8f5248e9)]&amp#27;[0m Got response with status 200: {"sessionId":"a9ed87b5-060b-44c2-9e25-837776476da5","value":"true"}
&amp#27;[38;5;32m[AndroidUiautomator2Driver@63f6 (8f5248e9)]&amp#27;[0m Responding to client with driver.elementDisplayed() result: true
&amp#27;[38;5;0m[HTTP]&amp#27;[0m &amp#27;[37m<-- GET /session/8f5248e9-1602-44ec-b769-c2e3a0414b77/element/00000000-0000-023a-ffff-ffff00000040/displayed &amp#27;[39m&amp#27;[32m200&amp#27;[39m &amp#27;[90m12 ms - 14&amp#27;[39m
&amp#27;[38;5;0m[HTTP]&amp#27;[0m &amp#27;[90m&amp#27;[39m
&amp#27;[38;5;0m[HTTP]&amp#27;[0m &amp#27;[37m-->&amp#27;[39m &amp#27;[37mPOST&amp#27;[39m &amp#27;[37m/session/8f5248e9-1602-44ec-b769-c2e3a0414b77/element&amp#27;[39m
&amp#27;[38;5;0m[HTTP]&amp#27;[0m &amp#27;[90m{"using":"id","value":"org.wikipedia:id/search_container"}&amp#27;[39m
&amp#27;[38;5;32m[AndroidUiautomator2Driver@63f6 (8f5248e9)]&amp#27;[0m Calling AppiumDriver.findElement() with args: ["id","org.wikipedia:id/search_container","8f5248e9-1602-44ec-b769-c2e3a0414b77"]
&amp#27;[38;5;32m[AndroidUiautomator2Driver@63f6 (8f5248e9)]&amp#27;[0m Valid locator strategies for this request: xpath, id, class name, accessibility id, css selector, -android uiautomator
&amp#27;[38;5;32m[AndroidUiautomator2Driver@63f6 (8f5248e9)]&amp#27;[0m Waiting up to 30000 ms for condition
&amp#27;[38;5;32m[AndroidUiautomator2Driver@63f6 (8f5248e9)]&amp#27;[0m Matched '/element' to command name 'findElement'
&amp#27;[38;5;32m[AndroidUiautomator2Driver@63f6 (8f5248e9)]&amp#27;[0m Proxying [POST /element] to [POST http://127.0.0.1:8200/session/a9ed87b5-060b-44c2-9e25-837776476da5/element] with body: {"strategy":"id","selector":"org.wikipedia:id/search_container","context":"","multiple":false}
&amp#27;[38;5;32m[AndroidUiautomator2Driver@63f6 (8f5248e9)]&amp#27;[0m Got response with status 200: {"sessionId":"a9ed87b5-060b-44c2-9e25-837776476da5","value":{"ELEMENT":"00000000-0000-023a-ffff-ffff00000040","element-6066-11e4-a52e-4f735466cecf":"00000000-0000-023a-ffff-ffff00000040"}}
&amp#27;[38;5;32m[AndroidUiautomator2Driver@63f6 (8f5248e9)]&amp#27;[0m Responding to client with driver.findElement() result: {"element-6066-11e4-a52e-4f735466cecf":"00000000-0000-023a-ffff-ffff00000040","ELEMENT":"00000000-0000-023a-ffff-ffff00000040"}
&amp#27;[38;5;0m[HTTP]&amp#27;[0m &amp#27;[37m<-- POST /session/8f5248e9-1602-44ec-b769-c2e3a0414b77/element &amp#27;[39m&amp#27;[32m200&amp#27;[39m &amp#27;[90m18 ms - 137&amp#27;[39m
&amp#27;[38;5;0m[HTTP]&amp#27;[0m &amp#27;[90m&amp#27;[39m
&amp#27;[38;5;0m[HTTP]&amp#27;[0m &amp#27;[37m-->&amp#27;[39m &amp#27;[37mPOST&amp#27;[39m &amp#27;[37m/session/8f5248e9-1602-44ec-b769-c2e3a0414b77/element/00000000-0000-023a-ffff-ffff00000040/click&amp#27;[39m
&amp#27;[38;5;0m[HTTP]&amp#27;[0m &amp#27;[90m{"id":"00000000-0000-023a-ffff-ffff00000040"}&amp#27;[39m
&amp#27;[38;5;32m[AndroidUiautomator2Driver@63f6 (8f5248e9)]&amp#27;[0m Calling AppiumDriver.click() with args: ["00000000-0000-023a-ffff-ffff00000040","8f5248e9-1602-44ec-b769-c2e3a0414b77"]
&amp#27;[38;5;32m[AndroidUiautomator2Driver@63f6 (8f5248e9)]&amp#27;[0m Matched '/element/00000000-0000-023a-ffff-ffff00000040/click' to command name 'click'
&amp#27;[38;5;32m[AndroidUiautomator2Driver@63f6 (8f5248e9)]&amp#27;[0m Proxying [POST /element/00000000-0000-023a-ffff-ffff00000040/click] to [POST http://127.0.0.1:8200/session/a9ed87b5-060b-44c2-9e25-837776476da5/element/00000000-0000-023a-ffff-ffff00000040/click] with body: {"element":"00000000-0000-023a-ffff-ffff00000040"}
&amp#27;[38;5;32m[AndroidUiautomator2Driver@63f6 (8f5248e9)]&amp#27;[0m Got response with status 200: {"sessionId":"a9ed87b5-060b-44c2-9e25-837776476da5","value":null}
&amp#27;[38;5;32m[AndroidUiautomator2Driver@63f6 (8f5248e9)]&amp#27;[0m Responding to client with driver.click() result: null
&amp#27;[38;5;0m[HTTP]&amp#27;[0m &amp#27;[37m<-- POST /session/8f5248e9-1602-44ec-b769-c2e3a0414b77/element/00000000-0000-023a-ffff-ffff00000040/click &amp#27;[39m&amp#27;[32m200&amp#27;[39m &amp#27;[90m1212 ms - 14&amp#27;[39m
&amp#27;[38;5;0m[HTTP]&amp#27;[0m &amp#27;[90m&amp#27;[39m
&amp#27;[38;5;0m[HTTP]&amp#27;[0m &amp#27;[37m-->&amp#27;[39m &amp#27;[37mPOST&amp#27;[39m &amp#27;[37m/session/8f5248e9-1602-44ec-b769-c2e3a0414b77/element&amp#27;[39m
&amp#27;[38;5;0m[HTTP]&amp#27;[0m &amp#27;[90m{"using":"id","value":"org.wikipedia:id/search_src_text"}&amp#27;[39m
&amp#27;[38;5;32m[AndroidUiautomator2Driver@63f6 (8f5248e9)]&amp#27;[0m Calling AppiumDriver.findElement() with args: ["id","org.wikipedia:id/search_src_text","8f5248e9-1602-44ec-b769-c2e3a0414b77"]
&amp#27;[38;5;32m[AndroidUiautomator2Driver@63f6 (8f5248e9)]&amp#27;[0m Valid locator strategies for this request: xpath, id, class name, accessibility id, css selector, -android uiautomator
&amp#27;[38;5;32m[AndroidUiautomator2Driver@63f6 (8f5248e9)]&amp#27;[0m Waiting up to 30000 ms for condition
&amp#27;[38;5;32m[AndroidUiautomator2Driver@63f6 (8f5248e9)]&amp#27;[0m Matched '/element' to command name 'findElement'
&amp#27;[38;5;32m[AndroidUiautomator2Driver@63f6 (8f5248e9)]&amp#27;[0m Proxying [POST /element] to [POST http://127.0.0.1:8200/session/a9ed87b5-060b-44c2-9e25-837776476da5/element] with body: {"strategy":"id","selector":"org.wikipedia:id/search_src_text","context":"","multiple":false}
&amp#27;[38;5;32m[AndroidUiautomator2Driver@63f6 (8f5248e9)]&amp#27;[0m Got response with status 200: {"sessionId":"a9ed87b5-060b-44c2-9e25-837776476da5","value":{"ELEMENT":"00000000-0000-023c-ffff-ffff000000c1","element-6066-11e4-a52e-4f735466cecf":"00000000-0000-023c-ffff-ffff000000c1"}}
&amp#27;[38;5;32m[AndroidUiautomator2Driver@63f6 (8f5248e9)]&amp#27;[0m Responding to client with driver.findElement() result: {"element-6066-11e4-a52e-4f735466cecf":"00000000-0000-023c-ffff-ffff000000c1","ELEMENT":"00000000-0000-023c-ffff-ffff000000c1"}
&amp#27;[38;5;0m[HTTP]&amp#27;[0m &amp#27;[37m<-- POST /session/8f5248e9-1602-44ec-b769-c2e3a0414b77/element &amp#27;[39m&amp#27;[32m200&amp#27;[39m &amp#27;[90m18 ms - 137&amp#27;[39m
&amp#27;[38;5;0m[HTTP]&amp#27;[0m &amp#27;[90m&amp#27;[39m
&amp#27;[38;5;0m[HTTP]&amp#27;[0m &amp#27;[37m-->&amp#27;[39m &amp#27;[37mPOST&amp#27;[39m &amp#27;[37m/session/8f5248e9-1602-44ec-b769-c2e3a0414b77/element/00000000-0000-023c-ffff-ffff000000c1/value&amp#27;[39m
&amp#27;[38;5;0m[HTTP]&amp#27;[0m &amp#27;[90m{"text":"Appium","id":"00000000-0000-023c-ffff-ffff000000c1","value":["A","p","p","i","u","m"]}&amp#27;[39m
&amp#27;[38;5;32m[AndroidUiautomator2Driver@63f6 (8f5248e9)]&amp#27;[0m Calling AppiumDriver.setValue() with args: [["A","p","p","i","u","m"],"00000000-0000-023c-ffff-ffff000000c1","8f5248e9-1602-44ec-b769-c2e3a0414b77"]
&amp#27;[38;5;32m[AndroidUiautomator2Driver@63f6 (8f5248e9)]&amp#27;[0m Matched '/element/00000000-0000-023c-ffff-ffff000000c1/value' to command name 'setValue'
&amp#27;[38;5;32m[AndroidUiautomator2Driver@63f6 (8f5248e9)]&amp#27;[0m Added 'value' property ["A","p","p","i","u","m"] to 'setValue' request body
&amp#27;[38;5;32m[AndroidUiautomator2Driver@63f6 (8f5248e9)]&amp#27;[0m Proxying [POST /element/00000000-0000-023c-ffff-ffff000000c1/value] to [POST http://127.0.0.1:8200/session/a9ed87b5-060b-44c2-9e25-837776476da5/element/00000000-0000-023c-ffff-ffff000000c1/value] with body: {"elementId":"00000000-0000-023c-ffff-ffff000000c1","text":"Appium","replace":false,"value":["A","p","p","i","u","m"]}
&amp#27;[38;5;32m[AndroidUiautomator2Driver@63f6 (8f5248e9)]&amp#27;[0m Got response with status 200: {"sessionId":"a9ed87b5-060b-44c2-9e25-837776476da5","value":null}
&amp#27;[38;5;32m[AndroidUiautomator2Driver@63f6 (8f5248e9)]&amp#27;[0m Responding to client with driver.setValue() result: null
&amp#27;[38;5;0m[HTTP]&amp#27;[0m &amp#27;[37m<-- POST /session/8f5248e9-1602-44ec-b769-c2e3a0414b77/element/00000000-0000-023c-ffff-ffff000000c1/value &amp#27;[39m&amp#27;[32m200&amp#27;[39m &amp#27;[90m673 ms - 14&amp#27;[39m
&amp#27;[38;5;0m[HTTP]&amp#27;[0m &amp#27;[90m&amp#27;[39m
&amp#27;[38;5;0m[HTTP]&amp#27;[0m &amp#27;[37m-->&amp#27;[39m &amp#27;[37mPOST&amp#27;[39m &amp#27;[37m/session/8f5248e9-1602-44ec-b769-c2e3a0414b77/elements&amp#27;[39m
&amp#27;[38;5;0m[HTTP]&amp#27;[0m &amp#27;[90m{"using":"id","value":"org.wikipedia:id/page_list_item_title"}&amp#27;[39m
&amp#27;[38;5;32m[AndroidUiautomator2Driver@63f6 (8f5248e9)]&amp#27;[0m Calling AppiumDriver.findElements() with args: ["id","org.wikipedia:id/page_list_item_title","8f5248e9-1602-44ec-b769-c2e3a0414b77"]
&amp#27;[38;5;32m[AndroidUiautomator2Driver@63f6 (8f5248e9)]&amp#27;[0m Valid locator strategies for this request: xpath, id, class name, accessibility id, css selector, -android uiautomator
&amp#27;[38;5;32m[AndroidUiautomator2Driver@63f6 (8f5248e9)]&amp#27;[0m Waiting up to 30000 ms for condition
&amp#27;[38;5;32m[AndroidUiautomator2Driver@63f6 (8f5248e9)]&amp#27;[0m Matched '/elements' to command name 'findElements'
&amp#27;[38;5;32m[AndroidUiautomator2Driver@63f6 (8f5248e9)]&amp#27;[0m Proxying [POST /elements] to [POST http://127.0.0.1:8200/session/a9ed87b5-060b-44c2-9e25-837776476da5/elements] with body: {"strategy":"id","selector":"org.wikipedia:id/page_list_item_title","context":"","multiple":true}
&amp#27;[38;5;32m[AndroidUiautomator2Driver@63f6 (8f5248e9)]&amp#27;[0m Got response with status 200: {"sessionId":"a9ed87b5-060b-44c2-9e25-837776476da5","value":[{"ELEMENT":"00000000-0000-023c-ffff-ffff000000f8","element-6066-11e4-a52e-4f735466cecf":"00000000-0000-023c-ffff-ffff000000f8"},{"ELEMENT":"00000000-0000-023c-ffff-ffff00000100","element-6066-11e4-a52e-4f735466cecf":"00000000-0000-023c-ffff-ffff00000100"},{"ELEMENT":"00000000-0000-023c-ffff-ffff00000108","element-6066-11e4-a52e-4f735466cecf":"00000000-0000-023c-ffff-ffff00000108"},{"ELEMENT":"00000000-0000-023c-ffff-ffff00000110","element-6066-11e4-a52e-4f735466cecf":"00000000-0000-023c-ffff-ffff00000110"},{"ELEMENT":"00000000-0000-023c-ffff-ffff00000118","element-6066-11e4-a52e-4f735466cecf":"00000000-0000-023c-ffff-ffff00000118"},{"ELEMENT":"00000000-0000-023c-ffff-ffff00000120","element-6066-11e4-a52e-4f735466cecf":"00000000-0000-023c-ffff-ffff00000120"},{"ELEMENT":"00000000-0000-023c-ffff-ffff00000128","element-6066-11e4-a52e-4f735466cecf":"00000000-0000-023c-ffff-ffff00000128"},{"ELEMENT":"00000000-0000-023c-ffff-ffff00000130","element-6066-...
&amp#27;[38;5;32m[AndroidUiautomator2Driver@63f6 (8f5248e9)]&amp#27;[0m Responding to client with driver.findElements() result: [{"element-6066-11e4-a52e-4f735466cecf":"00000000-0000-023c-ffff-ffff000000f8","ELEMENT":"00000000-0000-023c-ffff-ffff000000f8"},{"element-6066-11e4-a52e-4f735466cecf":"00000000-0000-023c-ffff-ffff00000100","ELEMENT":"00000000-0000-023c-ffff-ffff00000100"},{"element-6066-11e4-a52e-4f735466cecf":"00000000-0000-023c-ffff-ffff00000108","ELEMENT":"00000000-0000-023c-ffff-ffff00000108"},{"element-6066-11e4-a52e-4f735466cecf":"00000000-0000-023c-ffff-ffff00000110","ELEMENT":"00000000-0000-023c-ffff-ffff00000110"},{"element-6066-11e4-a52e-4f735466cecf":"00000000-0000-023c-ffff-ffff00000118","ELEMENT":"00000000-0000-023c-ffff-ffff00000118"},{"element-6066-11e4-a52e-4f735466cecf":"00000000-0000-023c-ffff-ffff00000120","ELEMENT":"00000000-0000-023c-ffff-ffff00000120"},{"element-6066-11e4-a52e-4f735466cecf":"00000000-0000-023c-ffff-ffff00000128","ELEMENT":"00000000-0000-023c-ffff-ffff00000128"},{"element-6066-11e4-a52e-4f735466cecf":"00000000-0000-023c-ffff-ffff00000130","ELEMENT":"00000000-0000-023c-ffff-ffff0000013...
&amp#27;[38;5;0m[HTTP]&amp#27;[0m &amp#27;[37m<-- POST /session/8f5248e9-1602-44ec-b769-c2e3a0414b77/elements &amp#27;[39m&amp#27;[32m200&amp#27;[39m &amp#27;[90m1130 ms - 1035&amp#27;[39m
&amp#27;[38;5;0m[HTTP]&amp#27;[0m &amp#27;[90m&amp#27;[39m
&amp#27;[38;5;0m[HTTP]&amp#27;[0m &amp#27;[37m-->&amp#27;[39m &amp#27;[37mPOST&amp#27;[39m &amp#27;[37m/session/8f5248e9-1602-44ec-b769-c2e3a0414b77/execute/sync&amp#27;[39m
&amp#27;[38;5;0m[HTTP]&amp#27;[0m &amp#27;[90m{"script":"mobile: pressKey","args":[{"keycode":4}]}&amp#27;[39m
&amp#27;[38;5;32m[AndroidUiautomator2Driver@63f6 (8f5248e9)]&amp#27;[0m Calling AppiumDriver.execute() with args: ["mobile: pressKey",[{"keycode":4}],"8f5248e9-1602-44ec-b769-c2e3a0414b77"]
&amp#27;[38;5;32m[AndroidUiautomator2Driver@63f6 (8f5248e9)]&amp#27;[0m Executing method 'mobile: pressKey'
&amp#27;[38;5;32m[AndroidUiautomator2Driver@63f6 (8f5248e9)]&amp#27;[0m Matched '/appium/device/press_keycode' to command name 'pressKeyCode'
&amp#27;[38;5;32m[AndroidUiautomator2Driver@63f6 (8f5248e9)]&amp#27;[0m Proxying [POST /appium/device/press_keycode] to [POST http://127.0.0.1:8200/session/a9ed87b5-060b-44c2-9e25-837776476da5/appium/device/press_keycode] with body: {"keycode":4}
&amp#27;[38;5;32m[AndroidUiautomator2Driver@63f6 (8f5248e9)]&amp#27;[0m Got response with status 200: {"sessionId":"a9ed87b5-060b-44c2-9e25-837776476da5","value":null}
&amp#27;[38;5;32m[AndroidUiautomator2Driver@63f6 (8f5248e9)]&amp#27;[0m Responding to client with driver.execute() result: null
&amp#27;[38;5;0m[HTTP]&amp#27;[0m &amp#27;[37m<-- POST /session/8f5248e9-1602-44ec-b769-c2e3a0414b77/execute/sync &amp#27;[39m&amp#27;[32m200&amp#27;[39m &amp#27;[90m37 ms - 14&amp#27;[39m
&amp#27;[38;5;0m[HTTP]&amp#27;[0m &amp#27;[90m&amp#27;[39m
&amp#27;[38;5;0m[HTTP]&amp#27;[0m &amp#27;[37m-->&amp#27;[39m &amp#27;[37mPOST&amp#27;[39m &amp#27;[37m/session/8f5248e9-1602-44ec-b769-c2e3a0414b77/execute/sync&amp#27;[39m
&amp#27;[38;5;0m[HTTP]&amp#27;[0m &amp#27;[90m{"script":"mobile: pressKey","args":[{"keycode":4}]}&amp#27;[39m
&amp#27;[38;5;32m[AndroidUiautomator2Driver@63f6 (8f5248e9)]&amp#27;[0m Calling AppiumDriver.execute() with args: ["mobile: pressKey",[{"keycode":4}],"8f5248e9-1602-44ec-b769-c2e3a0414b77"]
&amp#27;[38;5;32m[AndroidUiautomator2Driver@63f6 (8f5248e9)]&amp#27;[0m Executing method 'mobile: pressKey'
&amp#27;[38;5;32m[AndroidUiautomator2Driver@63f6 (8f5248e9)]&amp#27;[0m Matched '/appium/device/press_keycode' to command name 'pressKeyCode'
&amp#27;[38;5;32m[AndroidUiautomator2Driver@63f6 (8f5248e9)]&amp#27;[0m Proxying [POST /appium/device/press_keycode] to [POST http://127.0.0.1:8200/session/a9ed87b5-060b-44c2-9e25-837776476da5/appium/device/press_keycode] with body: {"keycode":4}
&amp#27;[38;5;32m[AndroidUiautomator2Driver@63f6 (8f5248e9)]&amp#27;[0m Got response with status 200: {"sessionId":"a9ed87b5-060b-44c2-9e25-837776476da5","value":null}
&amp#27;[38;5;32m[AndroidUiautomator2Driver@63f6 (8f5248e9)]&amp#27;[0m Responding to client with driver.execute() result: null
&amp#27;[38;5;0m[HTTP]&amp#27;[0m &amp#27;[37m<-- POST /session/8f5248e9-1602-44ec-b769-c2e3a0414b77/execute/sync &amp#27;[39m&amp#27;[32m200&amp#27;[39m &amp#27;[90m746 ms - 14&amp#27;[39m
&amp#27;[38;5;0m[HTTP]&amp#27;[0m &amp#27;[90m&amp#27;[39m
[INFO] Back button pressed to return to previous screen.
&amp#27;[38;5;0m[HTTP]&amp#27;[0m &amp#27;[37m-->&amp#27;[39m &amp#27;[37mPOST&amp#27;[39m &amp#27;[37m/session/8f5248e9-1602-44ec-b769-c2e3a0414b77/element&amp#27;[39m
&amp#27;[38;5;0m[HTTP]&amp#27;[0m &amp#27;[90m{"using":"id","value":"org.wikipedia:id/search_container"}&amp#27;[39m
&amp#27;[38;5;32m[AndroidUiautomator2Driver@63f6 (8f5248e9)]&amp#27;[0m Calling AppiumDriver.findElement() with args: ["id","org.wikipedia:id/search_container","8f5248e9-1602-44ec-b769-c2e3a0414b77"]
&amp#27;[38;5;32m[AndroidUiautomator2Driver@63f6 (8f5248e9)]&amp#27;[0m Valid locator strategies for this request: xpath, id, class name, accessibility id, css selector, -android uiautomator
&amp#27;[38;5;32m[AndroidUiautomator2Driver@63f6 (8f5248e9)]&amp#27;[0m Waiting up to 30000 ms for condition
&amp#27;[38;5;32m[AndroidUiautomator2Driver@63f6 (8f5248e9)]&amp#27;[0m Matched '/element' to command name 'findElement'
&amp#27;[38;5;32m[AndroidUiautomator2Driver@63f6 (8f5248e9)]&amp#27;[0m Proxying [POST /element] to [POST http://127.0.0.1:8200/session/a9ed87b5-060b-44c2-9e25-837776476da5/element] with body: {"strategy":"id","selector":"org.wikipedia:id/search_container","context":"","multiple":false}
&amp#27;[38;5;32m[AndroidUiautomator2Driver@63f6 (8f5248e9)]&amp#27;[0m Got response with status 200: {"sessionId":"a9ed87b5-060b-44c2-9e25-837776476da5","value":{"ELEMENT":"00000000-0000-023c-ffff-ffff000000b5","element-6066-11e4-a52e-4f735466cecf":"00000000-0000-023c-ffff-ffff000000b5"}}
&amp#27;[38;5;32m[AndroidUiautomator2Driver@63f6 (8f5248e9)]&amp#27;[0m Responding to client with driver.findElement() result: {"element-6066-11e4-a52e-4f735466cecf":"00000000-0000-023c-ffff-ffff000000b5","ELEMENT":"00000000-0000-023c-ffff-ffff000000b5"}
&amp#27;[38;5;0m[HTTP]&amp#27;[0m &amp#27;[37m<-- POST /session/8f5248e9-1602-44ec-b769-c2e3a0414b77/element &amp#27;[39m&amp#27;[32m200&amp#27;[39m &amp#27;[90m566 ms - 137&amp#27;[39m
&amp#27;[38;5;0m[HTTP]&amp#27;[0m &amp#27;[90m&amp#27;[39m
&amp#27;[38;5;0m[HTTP]&amp#27;[0m &amp#27;[37m-->&amp#27;[39m &amp#27;[37mGET&amp#27;[39m &amp#27;[37m/session/8f5248e9-1602-44ec-b769-c2e3a0414b77/element/00000000-0000-023c-ffff-ffff000000b5/displayed&amp#27;[39m
&amp#27;[38;5;0m[HTTP]&amp#27;[0m &amp#27;[90m{}&amp#27;[39m
&amp#27;[38;5;32m[AndroidUiautomator2Driver@63f6 (8f5248e9)]&amp#27;[0m Calling AppiumDriver.elementDisplayed() with args: ["00000000-0000-023c-ffff-ffff000000b5","8f5248e9-1602-44ec-b769-c2e3a0414b77"]
&amp#27;[38;5;32m[AndroidUiautomator2Driver@63f6 (8f5248e9)]&amp#27;[0m Matched '/element/00000000-0000-023c-ffff-ffff000000b5/attribute/displayed' to command name 'getAttribute'
&amp#27;[38;5;32m[AndroidUiautomator2Driver@63f6 (8f5248e9)]&amp#27;[0m Proxying [GET /element/00000000-0000-023c-ffff-ffff000000b5/attribute/displayed] to [GET http://127.0.0.1:8200/session/a9ed87b5-060b-44c2-9e25-837776476da5/element/00000000-0000-023c-ffff-ffff000000b5/attribute/displayed] with no body
&amp#27;[38;5;32m[AndroidUiautomator2Driver@63f6 (8f5248e9)]&amp#27;[0m Got response with status 200: {"sessionId":"a9ed87b5-060b-44c2-9e25-837776476da5","value":"true"}
&amp#27;[38;5;32m[AndroidUiautomator2Driver@63f6 (8f5248e9)]&amp#27;[0m Responding to client with driver.elementDisplayed() result: true
&amp#27;[38;5;0m[HTTP]&amp#27;[0m &amp#27;[37m<-- GET /session/8f5248e9-1602-44ec-b769-c2e3a0414b77/element/00000000-0000-023c-ffff-ffff000000b5/displayed &amp#27;[39m&amp#27;[32m200&amp#27;[39m &amp#27;[90m29 ms - 14&amp#27;[39m
&amp#27;[38;5;0m[HTTP]&amp#27;[0m &amp#27;[90m&amp#27;[39m
]]></system-out>
    <system-err><![CDATA[SLF4J(W): No SLF4J providers were found.
SLF4J(W): Defaulting to no-operation (NOP) logger implementation
SLF4J(W): See https://www.slf4j.org/codes.html#noProviders for further details.
]]></system-err>
  </testcase>
  <testcase name="testSearchForTerm[TestNG](2)" classname="com.WikiDemo.tests.WikipediaSearchTest" time="5.688">
    <system-out><![CDATA[[BeforeMethod] Resetting app for test: testSearchForTerm
&amp#27;[38;5;0m[HTTP]&amp#27;[0m &amp#27;[37m-->&amp#27;[39m &amp#27;[37mPOST&amp#27;[39m &amp#27;[37m/session/8f5248e9-1602-44ec-b769-c2e3a0414b77/execute/sync&amp#27;[39m
&amp#27;[38;5;0m[HTTP]&amp#27;[0m &amp#27;[90m{"script":"mobile: backgroundApp","args":[{"seconds":0}]}&amp#27;[39m
&amp#27;[38;5;32m[AndroidUiautomator2Driver@63f6 (8f5248e9)]&amp#27;[0m Calling AppiumDriver.execute() with args: ["mobile: backgroundApp",[{"seconds":0}],"8f5248e9-1602-44ec-b769-c2e3a0414b77"]
&amp#27;[38;5;32m[AndroidUiautomator2Driver@63f6 (8f5248e9)]&amp#27;[0m Executing method 'mobile: backgroundApp'
&amp#27;[38;5;48m[ADB]&amp#27;[0m Getting focused package and activity
&amp#27;[38;5;48m[ADB]&amp#27;[0m Running 'C:\Users\danev\AppData\Local\Android\Sdk\platform-tools\adb.exe -P 5037 -s emulator-5554 shell dumpsys window displays'
&amp#27;[38;5;48m[ADB]&amp#27;[0m Pressing the HOME button
&amp#27;[38;5;48m[ADB]&amp#27;[0m Running 'C:\Users\danev\AppData\Local\Android\Sdk\platform-tools\adb.exe -P 5037 -s emulator-5554 shell input keyevent 3'
&amp#27;[38;5;32m[AndroidUiautomator2Driver@63f6 (8f5248e9)]&amp#27;[0m Activating app 'org.wikipedia' in order to restore it
&amp#27;[38;5;32m[AndroidUiautomator2Driver@63f6 (8f5248e9)]&amp#27;[0m Activating 'org.wikipedia'
&amp#27;[38;5;48m[ADB]&amp#27;[0m Running 'C:\Users\danev\AppData\Local\Android\Sdk\platform-tools\adb.exe -P 5037 -s emulator-5554 shell cmd package resolve-activity --brief org.wikipedia'
&amp#27;[38;5;48m[ADB]&amp#27;[0m Running 'C:\Users\danev\AppData\Local\Android\Sdk\platform-tools\adb.exe -P 5037 -s emulator-5554 shell am start-activity -a android.intent.action.MAIN -c android.intent.category.LAUNCHER -f 0x10200000 -n org.wikipedia/.main.MainActivity'
&amp#27;[38;5;32m[AndroidUiautomator2Driver@63f6 (8f5248e9)]&amp#27;[0m Starting: Intent { act=android.intent.action.MAIN cat=[android.intent.category.LAUNCHER] flg=0x10200000 cmp=org.wikipedia/.main.MainActivity }
&amp#27;[38;5;32m[AndroidUiautomator2Driver@63f6 (8f5248e9)]&amp#27;[0m Responding to client with driver.execute() result: null
&amp#27;[38;5;0m[HTTP]&amp#27;[0m &amp#27;[37m<-- POST /session/8f5248e9-1602-44ec-b769-c2e3a0414b77/execute/sync &amp#27;[39m&amp#27;[32m200&amp#27;[39m &amp#27;[90m307 ms - 14&amp#27;[39m
&amp#27;[38;5;0m[HTTP]&amp#27;[0m &amp#27;[90m&amp#27;[39m
&amp#27;[38;5;0m[HTTP]&amp#27;[0m &amp#27;[37m-->&amp#27;[39m &amp#27;[37mPOST&amp#27;[39m &amp#27;[37m/session/8f5248e9-1602-44ec-b769-c2e3a0414b77/execute/sync&amp#27;[39m
&amp#27;[38;5;0m[HTTP]&amp#27;[0m &amp#27;[90m{"script":"mobile: activateApp","args":[{"appId":"org.wikipedia","bundleId":"org.wikipedia"}]}&amp#27;[39m
&amp#27;[38;5;32m[AndroidUiautomator2Driver@63f6 (8f5248e9)]&amp#27;[0m Calling AppiumDriver.execute() with args: ["mobile: activateApp",[{"appId":"org.wikipedia","bundleId":"org.wikipedia"}],"8f5248e9-1602-44ec-b769-c2e3a0414b77"]
&amp#27;[38;5;32m[AndroidUiautomator2Driver@63f6 (8f5248e9)]&amp#27;[0m Executing method 'mobile: activateApp'
&amp#27;[38;5;32m[AndroidUiautomator2Driver@63f6 (8f5248e9)]&amp#27;[0m Activating 'org.wikipedia'
&amp#27;[38;5;48m[ADB]&amp#27;[0m Running 'C:\Users\danev\AppData\Local\Android\Sdk\platform-tools\adb.exe -P 5037 -s emulator-5554 shell cmd package resolve-activity --brief org.wikipedia'
&amp#27;[38;5;48m[ADB]&amp#27;[0m Running 'C:\Users\danev\AppData\Local\Android\Sdk\platform-tools\adb.exe -P 5037 -s emulator-5554 shell am start-activity -a android.intent.action.MAIN -c android.intent.category.LAUNCHER -f 0x10200000 -n org.wikipedia/.main.MainActivity'
&amp#27;[38;5;32m[AndroidUiautomator2Driver@63f6 (8f5248e9)]&amp#27;[0m Starting: Intent { act=android.intent.action.MAIN cat=[android.intent.category.LAUNCHER] flg=0x10200000 cmp=org.wikipedia/.main.MainActivity }
&amp#27;[38;5;32m[AndroidUiautomator2Driver@63f6 (8f5248e9)]&amp#27;[0m Responding to client with driver.execute() result: null
&amp#27;[38;5;0m[HTTP]&amp#27;[0m &amp#27;[37m<-- POST /session/8f5248e9-1602-44ec-b769-c2e3a0414b77/execute/sync &amp#27;[39m&amp#27;[32m200&amp#27;[39m &amp#27;[90m99 ms - 14&amp#27;[39m
&amp#27;[38;5;0m[HTTP]&amp#27;[0m &amp#27;[90m&amp#27;[39m
&amp#27;[38;5;0m[HTTP]&amp#27;[0m &amp#27;[37m-->&amp#27;[39m &amp#27;[37mPOST&amp#27;[39m &amp#27;[37m/session/8f5248e9-1602-44ec-b769-c2e3a0414b77/timeouts&amp#27;[39m
&amp#27;[38;5;0m[HTTP]&amp#27;[0m &amp#27;[90m{"implicit":0}&amp#27;[39m
&amp#27;[38;5;32m[AndroidUiautomator2Driver@63f6 (8f5248e9)]&amp#27;[0m Calling AppiumDriver.timeouts() with args: [null,null,null,null,0,"8f5248e9-1602-44ec-b769-c2e3a0414b77"]
&amp#27;[38;5;32m[AndroidUiautomator2Driver@63f6 (8f5248e9)]&amp#27;[0m W3C timeout argument: {"implicit":0}}
&amp#27;[38;5;32m[AndroidUiautomator2Driver@63f6 (8f5248e9)]&amp#27;[0m Set implicit wait to 0ms
&amp#27;[38;5;32m[AndroidUiautomator2Driver@63f6 (8f5248e9)]&amp#27;[0m Responding to client with driver.timeouts() result: null
&amp#27;[38;5;0m[HTTP]&amp#27;[0m &amp#27;[37m<-- POST /session/8f5248e9-1602-44ec-b769-c2e3a0414b77/timeouts &amp#27;[39m&amp#27;[32m200&amp#27;[39m &amp#27;[90m1 ms - 14&amp#27;[39m
&amp#27;[38;5;0m[HTTP]&amp#27;[0m &amp#27;[90m&amp#27;[39m
&amp#27;[38;5;0m[HTTP]&amp#27;[0m &amp#27;[37m-->&amp#27;[39m &amp#27;[37mPOST&amp#27;[39m &amp#27;[37m/session/8f5248e9-1602-44ec-b769-c2e3a0414b77/element&amp#27;[39m
&amp#27;[38;5;0m[HTTP]&amp#27;[0m &amp#27;[90m{"using":"id","value":"org.wikipedia:id/fragment_onboarding_skip_button"}&amp#27;[39m
&amp#27;[38;5;32m[AndroidUiautomator2Driver@63f6 (8f5248e9)]&amp#27;[0m Calling AppiumDriver.findElement() with args: ["id","org.wikipedia:id/fragment_onboarding_skip_button","8f5248e9-1602-44ec-b769-c2e3a0414b77"]
&amp#27;[38;5;32m[AndroidUiautomator2Driver@63f6 (8f5248e9)]&amp#27;[0m Valid locator strategies for this request: xpath, id, class name, accessibility id, css selector, -android uiautomator
&amp#27;[38;5;32m[AndroidUiautomator2Driver@63f6 (8f5248e9)]&amp#27;[0m Waiting up to 0 ms for condition
&amp#27;[38;5;32m[AndroidUiautomator2Driver@63f6 (8f5248e9)]&amp#27;[0m Matched '/element' to command name 'findElement'
&amp#27;[38;5;32m[AndroidUiautomator2Driver@63f6 (8f5248e9)]&amp#27;[0m Proxying [POST /element] to [POST http://127.0.0.1:8200/session/a9ed87b5-060b-44c2-9e25-837776476da5/element] with body: {"strategy":"id","selector":"org.wikipedia:id/fragment_onboarding_skip_button","context":"","multiple":false}
&amp#27;[38;5;32m[AndroidUiautomator2Driver@63f6 (8f5248e9)]&amp#27;[0m Got response with status 404: {"sessionId":"a9ed87b5-060b-44c2-9e25-837776476da5","value":{"error":"no such element","message":"An element could not be located on the page using the given search parameters","stacktrace":"io.appium.uiautomator2.common.exceptions.ElementNotFoundException: An element could not be located on the page using the given search parameters\n\tat io.appium.uiautomator2.handler.FindElement.safeHandle(FindElement.java:63)\n\tat io.appium.uiautomator2.handler.request.SafeRequestHandler.handle(SafeRequestHandler.java:59)\n\tat io.appium.uiautomator2.server.AppiumServlet.handleRequest(AppiumServlet.java:259)\n\tat io.appium.uiautomator2.server.AppiumServlet.handleHttpRequest(AppiumServlet.java:253)\n\tat io.appium.uiautomator2.http.ServerHandler.channelRead(ServerHandler.java:77)\n\tat io.netty.channel.AbstractChannelHandlerContext.invokeChannelRead(AbstractChannelHandlerContext.java:366)\n\tat io.netty.channel.AbstractChannelHandlerContext.invokeChannelRead(AbstractChannelHandlerContext.java:352)\n\tat io.netty.chann...
&amp#27;[38;5;112m[W3C]&amp#27;[0m Matched W3C error code 'no such element' to NoSuchElementError
&amp#27;[38;5;32m[AndroidUiautomator2Driver@63f6 (8f5248e9)]&amp#27;[0m Encountered internal error running command: NoSuchElementError: An element could not be located on the page using the given search parameters.
&amp#27;[38;5;32m[AndroidUiautomator2Driver@63f6 (8f5248e9)]&amp#27;[0m     at AndroidUiautomator2Driver.findElOrEls (C:\Users\danev\node_modules\appium-uiautomator2-driver\node_modules\appium-android-driver\lib\commands\find.ts:86:11)
&amp#27;[38;5;32m[AndroidUiautomator2Driver@63f6 (8f5248e9)]&amp#27;[0m     at processTicksAndRejections (node:internal/process/task_queues:95:5)
&amp#27;[38;5;32m[AndroidUiautomator2Driver@63f6 (8f5248e9)]&amp#27;[0m     at AndroidUiautomator2Driver.findElOrElsWithProcessing (C:\Users\danev\node_modules\appium-uiautomator2-driver\node_modules\@appium\base-driver\lib\basedriver\commands\find.ts:60:12)
&amp#27;[38;5;32m[AndroidUiautomator2Driver@63f6 (8f5248e9)]&amp#27;[0m     at AndroidUiautomator2Driver.findElement (C:\Users\danev\node_modules\appium-uiautomator2-driver\node_modules\@appium\base-driver\lib\basedriver\commands\find.ts:75:12)
&amp#27;[38;5;0m[HTTP]&amp#27;[0m &amp#27;[37m<-- POST /session/8f5248e9-1602-44ec-b769-c2e3a0414b77/element &amp#27;[39m&amp#27;[33m404&amp#27;[39m &amp#27;[90m951 ms - 875&amp#27;[39m
&amp#27;[38;5;0m[HTTP]&amp#27;[0m &amp#27;[90m&amp#27;[39m
&amp#27;[38;5;0m[HTTP]&amp#27;[0m &amp#27;[37m-->&amp#27;[39m &amp#27;[37mPOST&amp#27;[39m &amp#27;[37m/session/8f5248e9-1602-44ec-b769-c2e3a0414b77/element&amp#27;[39m
&amp#27;[38;5;0m[HTTP]&amp#27;[0m &amp#27;[90m{"using":"id","value":"org.wikipedia:id/fragment_onboarding_skip_button"}&amp#27;[39m
&amp#27;[38;5;32m[AndroidUiautomator2Driver@63f6 (8f5248e9)]&amp#27;[0m Calling AppiumDriver.findElement() with args: ["id","org.wikipedia:id/fragment_onboarding_skip_button","8f5248e9-1602-44ec-b769-c2e3a0414b77"]
&amp#27;[38;5;32m[AndroidUiautomator2Driver@63f6 (8f5248e9)]&amp#27;[0m Valid locator strategies for this request: xpath, id, class name, accessibility id, css selector, -android uiautomator
&amp#27;[38;5;32m[AndroidUiautomator2Driver@63f6 (8f5248e9)]&amp#27;[0m Waiting up to 0 ms for condition
&amp#27;[38;5;32m[AndroidUiautomator2Driver@63f6 (8f5248e9)]&amp#27;[0m Matched '/element' to command name 'findElement'
&amp#27;[38;5;32m[AndroidUiautomator2Driver@63f6 (8f5248e9)]&amp#27;[0m Proxying [POST /element] to [POST http://127.0.0.1:8200/session/a9ed87b5-060b-44c2-9e25-837776476da5/element] with body: {"strategy":"id","selector":"org.wikipedia:id/fragment_onboarding_skip_button","context":"","multiple":false}
&amp#27;[38;5;32m[AndroidUiautomator2Driver@63f6 (8f5248e9)]&amp#27;[0m Got response with status 404: {"sessionId":"a9ed87b5-060b-44c2-9e25-837776476da5","value":{"error":"no such element","message":"An element could not be located on the page using the given search parameters","stacktrace":"io.appium.uiautomator2.common.exceptions.ElementNotFoundException: An element could not be located on the page using the given search parameters\n\tat io.appium.uiautomator2.handler.FindElement.safeHandle(FindElement.java:63)\n\tat io.appium.uiautomator2.handler.request.SafeRequestHandler.handle(SafeRequestHandler.java:59)\n\tat io.appium.uiautomator2.server.AppiumServlet.handleRequest(AppiumServlet.java:259)\n\tat io.appium.uiautomator2.server.AppiumServlet.handleHttpRequest(AppiumServlet.java:253)\n\tat io.appium.uiautomator2.http.ServerHandler.channelRead(ServerHandler.java:77)\n\tat io.netty.channel.AbstractChannelHandlerContext.invokeChannelRead(AbstractChannelHandlerContext.java:366)\n\tat io.netty.channel.AbstractChannelHandlerContext.invokeChannelRead(AbstractChannelHandlerContext.java:352)\n\tat io.netty.chann...
&amp#27;[38;5;112m[W3C]&amp#27;[0m Matched W3C error code 'no such element' to NoSuchElementError
&amp#27;[38;5;32m[AndroidUiautomator2Driver@63f6 (8f5248e9)]&amp#27;[0m Encountered internal error running command: NoSuchElementError: An element could not be located on the page using the given search parameters.
&amp#27;[38;5;32m[AndroidUiautomator2Driver@63f6 (8f5248e9)]&amp#27;[0m     at AndroidUiautomator2Driver.findElOrEls (C:\Users\danev\node_modules\appium-uiautomator2-driver\node_modules\appium-android-driver\lib\commands\find.ts:86:11)
&amp#27;[38;5;32m[AndroidUiautomator2Driver@63f6 (8f5248e9)]&amp#27;[0m     at processTicksAndRejections (node:internal/process/task_queues:95:5)
&amp#27;[38;5;32m[AndroidUiautomator2Driver@63f6 (8f5248e9)]&amp#27;[0m     at AndroidUiautomator2Driver.findElOrElsWithProcessing (C:\Users\danev\node_modules\appium-uiautomator2-driver\node_modules\@appium\base-driver\lib\basedriver\commands\find.ts:60:12)
&amp#27;[38;5;32m[AndroidUiautomator2Driver@63f6 (8f5248e9)]&amp#27;[0m     at AndroidUiautomator2Driver.findElement (C:\Users\danev\node_modules\appium-uiautomator2-driver\node_modules\@appium\base-driver\lib\basedriver\commands\find.ts:75:12)
&amp#27;[38;5;0m[HTTP]&amp#27;[0m &amp#27;[37m<-- POST /session/8f5248e9-1602-44ec-b769-c2e3a0414b77/element &amp#27;[39m&amp#27;[33m404&amp#27;[39m &amp#27;[90m341 ms - 875&amp#27;[39m
&amp#27;[38;5;0m[HTTP]&amp#27;[0m &amp#27;[90m&amp#27;[39m
&amp#27;[38;5;0m[HTTP]&amp#27;[0m &amp#27;[37m-->&amp#27;[39m &amp#27;[37mPOST&amp#27;[39m &amp#27;[37m/session/8f5248e9-1602-44ec-b769-c2e3a0414b77/element&amp#27;[39m
&amp#27;[38;5;0m[HTTP]&amp#27;[0m &amp#27;[90m{"using":"id","value":"org.wikipedia:id/fragment_onboarding_skip_button"}&amp#27;[39m
&amp#27;[38;5;32m[AndroidUiautomator2Driver@63f6 (8f5248e9)]&amp#27;[0m Calling AppiumDriver.findElement() with args: ["id","org.wikipedia:id/fragment_onboarding_skip_button","8f5248e9-1602-44ec-b769-c2e3a0414b77"]
&amp#27;[38;5;32m[AndroidUiautomator2Driver@63f6 (8f5248e9)]&amp#27;[0m Valid locator strategies for this request: xpath, id, class name, accessibility id, css selector, -android uiautomator
&amp#27;[38;5;32m[AndroidUiautomator2Driver@63f6 (8f5248e9)]&amp#27;[0m Waiting up to 0 ms for condition
&amp#27;[38;5;32m[AndroidUiautomator2Driver@63f6 (8f5248e9)]&amp#27;[0m Matched '/element' to command name 'findElement'
&amp#27;[38;5;32m[AndroidUiautomator2Driver@63f6 (8f5248e9)]&amp#27;[0m Proxying [POST /element] to [POST http://127.0.0.1:8200/session/a9ed87b5-060b-44c2-9e25-837776476da5/element] with body: {"strategy":"id","selector":"org.wikipedia:id/fragment_onboarding_skip_button","context":"","multiple":false}
&amp#27;[38;5;32m[AndroidUiautomator2Driver@63f6 (8f5248e9)]&amp#27;[0m Got response with status 404: {"sessionId":"a9ed87b5-060b-44c2-9e25-837776476da5","value":{"error":"no such element","message":"An element could not be located on the page using the given search parameters","stacktrace":"io.appium.uiautomator2.common.exceptions.ElementNotFoundException: An element could not be located on the page using the given search parameters\n\tat io.appium.uiautomator2.handler.FindElement.safeHandle(FindElement.java:63)\n\tat io.appium.uiautomator2.handler.request.SafeRequestHandler.handle(SafeRequestHandler.java:59)\n\tat io.appium.uiautomator2.server.AppiumServlet.handleRequest(AppiumServlet.java:259)\n\tat io.appium.uiautomator2.server.AppiumServlet.handleHttpRequest(AppiumServlet.java:253)\n\tat io.appium.uiautomator2.http.ServerHandler.channelRead(ServerHandler.java:77)\n\tat io.netty.channel.AbstractChannelHandlerContext.invokeChannelRead(AbstractChannelHandlerContext.java:366)\n\tat io.netty.channel.AbstractChannelHandlerContext.invokeChannelRead(AbstractChannelHandlerContext.java:352)\n\tat io.netty.chann...
&amp#27;[38;5;112m[W3C]&amp#27;[0m Matched W3C error code 'no such element' to NoSuchElementError
&amp#27;[38;5;32m[AndroidUiautomator2Driver@63f6 (8f5248e9)]&amp#27;[0m Encountered internal error running command: NoSuchElementError: An element could not be located on the page using the given search parameters.
&amp#27;[38;5;32m[AndroidUiautomator2Driver@63f6 (8f5248e9)]&amp#27;[0m     at AndroidUiautomator2Driver.findElOrEls (C:\Users\danev\node_modules\appium-uiautomator2-driver\node_modules\appium-android-driver\lib\commands\find.ts:86:11)
&amp#27;[38;5;32m[AndroidUiautomator2Driver@63f6 (8f5248e9)]&amp#27;[0m     at processTicksAndRejections (node:internal/process/task_queues:95:5)
&amp#27;[38;5;32m[AndroidUiautomator2Driver@63f6 (8f5248e9)]&amp#27;[0m     at AndroidUiautomator2Driver.findElOrElsWithProcessing (C:\Users\danev\node_modules\appium-uiautomator2-driver\node_modules\@appium\base-driver\lib\basedriver\commands\find.ts:60:12)
&amp#27;[38;5;32m[AndroidUiautomator2Driver@63f6 (8f5248e9)]&amp#27;[0m     at AndroidUiautomator2Driver.findElement (C:\Users\danev\node_modules\appium-uiautomator2-driver\node_modules\@appium\base-driver\lib\basedriver\commands\find.ts:75:12)
&amp#27;[38;5;0m[HTTP]&amp#27;[0m &amp#27;[37m<-- POST /session/8f5248e9-1602-44ec-b769-c2e3a0414b77/element &amp#27;[39m&amp#27;[33m404&amp#27;[39m &amp#27;[90m41 ms - 875&amp#27;[39m
&amp#27;[38;5;0m[HTTP]&amp#27;[0m &amp#27;[90m&amp#27;[39m
&amp#27;[38;5;0m[HTTP]&amp#27;[0m &amp#27;[37m-->&amp#27;[39m &amp#27;[37mPOST&amp#27;[39m &amp#27;[37m/session/8f5248e9-1602-44ec-b769-c2e3a0414b77/element&amp#27;[39m
&amp#27;[38;5;0m[HTTP]&amp#27;[0m &amp#27;[90m{"using":"id","value":"org.wikipedia:id/fragment_onboarding_skip_button"}&amp#27;[39m
&amp#27;[38;5;32m[AndroidUiautomator2Driver@63f6 (8f5248e9)]&amp#27;[0m Calling AppiumDriver.findElement() with args: ["id","org.wikipedia:id/fragment_onboarding_skip_button","8f5248e9-1602-44ec-b769-c2e3a0414b77"]
&amp#27;[38;5;32m[AndroidUiautomator2Driver@63f6 (8f5248e9)]&amp#27;[0m Valid locator strategies for this request: xpath, id, class name, accessibility id, css selector, -android uiautomator
[...]
&amp#27;[38;5;32m[AndroidUiautomator2Driver@63f6 (8f5248e9)]&amp#27;[0m Responding to client with driver.findElements() result: [{"element-6066-11e4-a52e-4f735466cecf":"00000000-0000-023f-ffff-ffff000002fd","ELEMENT":"00000000-0000-023f-ffff-ffff000002fd"},{"element-6066-11e4-a52e-4f735466cecf":"00000000-0000-023f-ffff-ffff00000305","ELEMENT":"00000000-0000-023f-ffff-ffff00000305"},{"element-6066-11e4-a52e-4f735466cecf":"00000000-0000-023f-ffff-ffff0000030d","ELEMENT":"00000000-0000-023f-ffff-ffff0000030d"},{"element-6066-11e4-a52e-4f735466cecf":"00000000-0000-023f-ffff-ffff00000315","ELEMENT":"00000000-0000-023f-ffff-ffff00000315"},{"element-6066-11e4-a52e-4f735466cecf":"00000000-0000-023f-ffff-ffff0000031d","ELEMENT":"00000000-0000-023f-ffff-ffff0000031d"},{"element-6066-11e4-a52e-4f735466cecf":"00000000-0000-023f-ffff-ffff00000325","ELEMENT":"00000000-0000-023f-ffff-ffff00000325"},{"element-6066-11e4-a52e-4f735466cecf":"00000000-0000-023f-ffff-ffff0000032d","ELEMENT":"00000000-0000-023f-ffff-ffff0000032d"},{"element-6066-11e4-a52e-4f735466cecf":"00000000-0000-023f-ffff-ffff00000335","ELEMENT":"00000000-0000-023f-ffff-ffff0000033...
&amp#27;[38;5;0m[HTTP]&amp#27;[0m &amp#27;[37m<-- POST /session/8f5248e9-1602-44ec-b769-c2e3a0414b77/elements &amp#27;[39m&amp#27;[32m200&amp#27;[39m &amp#27;[90m1262 ms - 1035&amp#27;[39m
&amp#27;[38;5;0m[HTTP]&amp#27;[0m &amp#27;[90m&amp#27;[39m
&amp#27;[38;5;0m[HTTP]&amp#27;[0m &amp#27;[37m-->&amp#27;[39m &amp#27;[37mPOST&amp#27;[39m &amp#27;[37m/session/8f5248e9-1602-44ec-b769-c2e3a0414b77/execute/sync&amp#27;[39m
&amp#27;[38;5;0m[HTTP]&amp#27;[0m &amp#27;[90m{"script":"mobile: pressKey","args":[{"keycode":4}]}&amp#27;[39m
&amp#27;[38;5;32m[AndroidUiautomator2Driver@63f6 (8f5248e9)]&amp#27;[0m Calling AppiumDriver.execute() with args: ["mobile: pressKey",[{"keycode":4}],"8f5248e9-1602-44ec-b769-c2e3a0414b77"]
&amp#27;[38;5;32m[AndroidUiautomator2Driver@63f6 (8f5248e9)]&amp#27;[0m Executing method 'mobile: pressKey'
&amp#27;[38;5;32m[AndroidUiautomator2Driver@63f6 (8f5248e9)]&amp#27;[0m Matched '/appium/device/press_keycode' to command name 'pressKeyCode'
&amp#27;[38;5;32m[AndroidUiautomator2Driver@63f6 (8f5248e9)]&amp#27;[0m Proxying [POST /appium/device/press_keycode] to [POST http://127.0.0.1:8200/session/a9ed87b5-060b-44c2-9e25-837776476da5/appium/device/press_keycode] with body: {"keycode":4}
&amp#27;[38;5;32m[AndroidUiautomator2Driver@63f6 (8f5248e9)]&amp#27;[0m Got response with status 200: {"sessionId":"a9ed87b5-060b-44c2-9e25-837776476da5","value":null}
&amp#27;[38;5;32m[AndroidUiautomator2Driver@63f6 (8f5248e9)]&amp#27;[0m Responding to client with driver.execute() result: null
&amp#27;[38;5;0m[HTTP]&amp#27;[0m &amp#27;[37m<-- POST /session/8f5248e9-1602-44ec-b769-c2e3a0414b77/execute/sync &amp#27;[39m&amp#27;[32m200&amp#27;[39m &amp#27;[90m46 ms - 14&amp#27;[39m
&amp#27;[38;5;0m[HTTP]&amp#27;[0m &amp#27;[90m&amp#27;[39m
&amp#27;[38;5;0m[HTTP]&amp#27;[0m &amp#27;[37m-->&amp#27;[39m &amp#27;[37mPOST&amp#27;[39m &amp#27;[37m/session/8f5248e9-1602-44ec-b769-c2e3a0414b77/execute/sync&amp#27;[39m
&amp#27;[38;5;0m[HTTP]&amp#27;[0m &amp#27;[90m{"script":"mobile: pressKey","args":[{"keycode":4}]}&amp#27;[39m
&amp#27;[38;5;32m[AndroidUiautomator2Driver@63f6 (8f5248e9)]&amp#27;[0m Calling AppiumDriver.execute() with args: ["mobile: pressKey",[{"keycode":4}],"8f5248e9-1602-44ec-b769-c2e3a0414b77"]
&amp#27;[38;5;32m[AndroidUiautomator2Driver@63f6 (8f5248e9)]&amp#27;[0m Executing method 'mobile: pressKey'
&amp#27;[38;5;32m[AndroidUiautomator2Driver@63f6 (8f5248e9)]&amp#27;[0m Matched '/appium/device/press_keycode' to command name 'pressKeyCode'
&amp#27;[38;5;32m[AndroidUiautomator2Driver@63f6 (8f5248e9)]&amp#27;[0m Proxying [POST /appium/device/press_keycode] to [POST http://127.0.0.1:8200/session/a9ed87b5-060b-44c2-9e25-837776476da5/appium/device/press_keycode] with body: {"keycode":4}
&amp#27;[38;5;32m[AndroidUiautomator2Driver@63f6 (8f5248e9)]&amp#27;[0m Got response with status 200: {"sessionId":"a9ed87b5-060b-44c2-9e25-837776476da5","value":null}
&amp#27;[38;5;32m[AndroidUiautomator2Driver@63f6 (8f5248e9)]&amp#27;[0m Responding to client with driver.execute() result: null
&amp#27;[38;5;0m[HTTP]&amp#27;[0m &amp#27;[37m<-- POST /session/8f5248e9-1602-44ec-b769-c2e3a0414b77/execute/sync &amp#27;[39m&amp#27;[32m200&amp#27;[39m &amp#27;[90m762 ms - 14&amp#27;[39m
&amp#27;[38;5;0m[HTTP]&amp#27;[0m &amp#27;[90m&amp#27;[39m
[INFO] Back button pressed to return to previous screen.
&amp#27;[38;5;0m[HTTP]&amp#27;[0m &amp#27;[37m-->&amp#27;[39m &amp#27;[37mPOST&amp#27;[39m &amp#27;[37m/session/8f5248e9-1602-44ec-b769-c2e3a0414b77/element&amp#27;[39m
&amp#27;[38;5;0m[HTTP]&amp#27;[0m &amp#27;[90m{"using":"id","value":"org.wikipedia:id/search_container"}&amp#27;[39m
&amp#27;[38;5;32m[AndroidUiautomator2Driver@63f6 (8f5248e9)]&amp#27;[0m Calling AppiumDriver.findElement() with args: ["id","org.wikipedia:id/search_container","8f5248e9-1602-44ec-b769-c2e3a0414b77"]
&amp#27;[38;5;32m[AndroidUiautomator2Driver@63f6 (8f5248e9)]&amp#27;[0m Valid locator strategies for this request: xpath, id, class name, accessibility id, css selector, -android uiautomator
&amp#27;[38;5;32m[AndroidUiautomator2Driver@63f6 (8f5248e9)]&amp#27;[0m Waiting up to 30000 ms for condition
&amp#27;[38;5;32m[AndroidUiautomator2Driver@63f6 (8f5248e9)]&amp#27;[0m Matched '/element' to command name 'findElement'
&amp#27;[38;5;32m[AndroidUiautomator2Driver@63f6 (8f5248e9)]&amp#27;[0m Proxying [POST /element] to [POST http://127.0.0.1:8200/session/a9ed87b5-060b-44c2-9e25-837776476da5/element] with body: {"strategy":"id","selector":"org.wikipedia:id/search_container","context":"","multiple":false}
&amp#27;[38;5;32m[AndroidUiautomator2Driver@63f6 (8f5248e9)]&amp#27;[0m Got response with status 200: {"sessionId":"a9ed87b5-060b-44c2-9e25-837776476da5","value":{"ELEMENT":"00000000-0000-023f-ffff-ffff000002ba","element-6066-11e4-a52e-4f735466cecf":"00000000-0000-023f-ffff-ffff000002ba"}}
&amp#27;[38;5;32m[AndroidUiautomator2Driver@63f6 (8f5248e9)]&amp#27;[0m Responding to client with driver.findElement() result: {"element-6066-11e4-a52e-4f735466cecf":"00000000-0000-023f-ffff-ffff000002ba","ELEMENT":"00000000-0000-023f-ffff-ffff000002ba"}
&amp#27;[38;5;0m[HTTP]&amp#27;[0m &amp#27;[37m<-- POST /session/8f5248e9-1602-44ec-b769-c2e3a0414b77/element &amp#27;[39m&amp#27;[32m200&amp#27;[39m &amp#27;[90m487 ms - 137&amp#27;[39m
&amp#27;[38;5;0m[HTTP]&amp#27;[0m &amp#27;[90m&amp#27;[39m
&amp#27;[38;5;0m[HTTP]&amp#27;[0m &amp#27;[37m-->&amp#27;[39m &amp#27;[37mGET&amp#27;[39m &amp#27;[37m/session/8f5248e9-1602-44ec-b769-c2e3a0414b77/element/00000000-0000-023f-ffff-ffff000002ba/displayed&amp#27;[39m
&amp#27;[38;5;0m[HTTP]&amp#27;[0m &amp#27;[90m{}&amp#27;[39m
&amp#27;[38;5;32m[AndroidUiautomator2Driver@63f6 (8f5248e9)]&amp#27;[0m Calling AppiumDriver.elementDisplayed() with args: ["00000000-0000-023f-ffff-ffff000002ba","8f5248e9-1602-44ec-b769-c2e3a0414b77"]
&amp#27;[38;5;32m[AndroidUiautomator2Driver@63f6 (8f5248e9)]&amp#27;[0m Matched '/element/00000000-0000-023f-ffff-ffff000002ba/attribute/displayed' to command name 'getAttribute'
&amp#27;[38;5;32m[AndroidUiautomator2Driver@63f6 (8f5248e9)]&amp#27;[0m Proxying [GET /element/00000000-0000-023f-ffff-ffff000002ba/attribute/displayed] to [GET http://127.0.0.1:8200/session/a9ed87b5-060b-44c2-9e25-837776476da5/element/00000000-0000-023f-ffff-ffff000002ba/attribute/displayed] with no body
&amp#27;[38;5;32m[AndroidUiautomator2Driver@63f6 (8f5248e9)]&amp#27;[0m Got response with status 404: {"sessionId":"a9ed87b5-060b-44c2-9e25-837776476da5","value":{"error":"stale element reference","message":"The element 'By.id: org.wikipedia:id/search_container' does not exist in DOM anymore","stacktrace":"io.appium.uiautomator2.common.exceptions.StaleElementReferenceException: The element 'By.id: org.wikipedia:id/search_container' does not exist in DOM anymore\n\tat io.appium.uiautomator2.model.ElementsCache.restore(ElementsCache.java:117)\n\tat io.appium.uiautomator2.model.ElementsCache.get(ElementsCache.java:153)\n\tat io.appium.uiautomator2.handler.GetElementAttribute.safeHandle(GetElementAttribute.java:23)\n\tat io.appium.uiautomator2.handler.request.SafeRequestHandler.handle(SafeRequestHandler.java:59)\n\tat io.appium.uiautomator2.server.AppiumServlet.handleRequest(AppiumServlet.java:259)\n\tat io.appium.uiautomator2.server.AppiumServlet.handleHttpRequest(AppiumServlet.java:253)\n\tat io.appium.uiautomator2.http.ServerHandler.channelRead(ServerHandler.java:77)\n\tat io.netty.channel.AbstractChannelHa...
&amp#27;[38;5;112m[W3C]&amp#27;[0m Matched W3C error code 'stale element reference' to StaleElementReferenceError
&amp#27;[38;5;32m[AndroidUiautomator2Driver@63f6 (8f5248e9)]&amp#27;[0m Encountered internal error running command: io.appium.uiautomator2.common.exceptions.StaleElementReferenceException: The element 'By.id: org.wikipedia:id/search_container' does not exist in DOM anymore
&amp#27;[38;5;32m[AndroidUiautomator2Driver@63f6 (8f5248e9)]&amp#27;[0m 	at io.appium.uiautomator2.model.ElementsCache.restore(ElementsCache.java:117)
&amp#27;[38;5;32m[AndroidUiautomator2Driver@63f6 (8f5248e9)]&amp#27;[0m 	at io.appium.uiautomator2.model.ElementsCache.get(ElementsCache.java:153)
&amp#27;[38;5;32m[AndroidUiautomator2Driver@63f6 (8f5248e9)]&amp#27;[0m 	at io.appium.uiautomator2.handler.GetElementAttribute.safeHandle(GetElementAttribute.java:23)
&amp#27;[38;5;32m[AndroidUiautomator2Driver@63f6 (8f5248e9)]&amp#27;[0m 	at io.appium.uiautomator2.handler.request.SafeRequestHandler.handle(SafeRequestHandler.java:59)
&amp#27;[38;5;32m[AndroidUiautomator2Driver@63f6 (8f5248e9)]&amp#27;[0m 	at io.appium.uiautomator2.server.AppiumServlet.handleRequest(AppiumServlet.java:259)
&amp#27;[38;5;32m[AndroidUiautomator2Driver@63f6 (8f5248e9)]&amp#27;[0m 	at io.appium.uiautomator2.server.AppiumServlet.handleHttpRequest(AppiumServlet.java:253)
&amp#27;[38;5;32m[AndroidUiautomator2Driver@63f6 (8f5248e9)]&amp#27;[0m 	at io.appium.uiautomator2.http.ServerHandler.channelRead(ServerHandler.java:77)
&amp#27;[38;5;32m[AndroidUiautomator2Driver@63f6 (8f5248e9)]&amp#27;[0m 	at io.netty.channel.AbstractChannelHandlerContext.invokeChannelRead(AbstractChannelHandlerContext.java:366)
&amp#27;[38;5;32m[AndroidUiautomator2Driver@63f6 (8f5248e9)]&amp#27;[0m 	at io.netty.channel.AbstractChannelHandlerContext.invokeChannelRead(AbstractChannelHandlerContext.java:352)
&amp#27;[38;5;32m[AndroidUiautomator2Driver@63f6 (8f5248e9)]&amp#27;[0m 	at io.netty.channel.AbstractChannelHandlerContext.fireChannelRead(AbstractChannelHandlerContext.java:345)
&amp#27;[38;5;32m[AndroidUiautomator2Driver@63f6 (8f5248e9)]&amp#27;[0m 	at io.netty.handler.codec.MessageToMessageDecoder.channelRead(MessageToMessageDecoder.java:102)
&amp#27;[38;5;32m[AndroidUiautomator2Driver@63f6 (8f5248e9)]&amp#27;[0m 	at io.netty.channel.AbstractChannelHandlerContext.invokeChannelRead(AbstractChannelHandlerContext.java:366)
&amp#27;[38;5;32m[AndroidUiautomator2Driver@63f6 (8f5248e9)]&amp#27;[0m 	at io.netty.channel.AbstractChannelHandlerContext.invokeChannelRead(AbstractChannelHandlerContext.java:352)
&amp#27;[38;5;32m[AndroidUiautomator2Driver@63f6 (8f5248e9)]&amp#27;[0m 	at io.netty.channel.AbstractChannelHandlerContext.fireChannelRead(AbstractChannelHandlerContext.java:345)
&amp#27;[38;5;32m[AndroidUiautomator2Driver@63f6 (8f5248e9)]&amp#27;[0m 	at io.netty.channel.CombinedChannelDuplexHandler$DelegatingChannelHandlerContext.fireChannelRead(CombinedChannelDuplexHandler.java:435)
&amp#27;[38;5;32m[AndroidUiautomator2Driver@63f6 (8f5248e9)]&amp#27;[0m 	at io.netty.handler.codec.ByteToMessageDecoder.fireChannelRead(ByteToMessageDecoder.java:293)
&amp#27;[38;5;32m[AndroidUiautomator2Driver@63f6 (8f5248e9)]&amp#27;[0m 	at io.netty.handler.codec.ByteToMessageDecoder.channelRead(ByteToMessageDecoder.java:267)
&amp#27;[38;5;32m[AndroidUiautomator2Driver@63f6 (8f5248e9)]&amp#27;[0m 	at io.netty.channel.CombinedChannelDuplexHandler.channelRead(CombinedChannelDuplexHandler.java:250)
&amp#27;[38;5;32m[AndroidUiautomator2Driver@63f6 (8f5248e9)]&amp#27;[0m 	at io.netty.channel.AbstractChannelHandlerContext.invokeChannelRead(AbstractChannelHandlerContext.java:366)
&amp#27;[38;5;32m[AndroidUiautomator2Driver@63f6 (8f5248e9)]&amp#27;[0m 	at io.netty.channel.AbstractChannelHandlerContext.invokeChannelRead(AbstractChannelHandlerContext.java:352)
&amp#27;[38;5;32m[AndroidUiautomator2Driver@63f6 (8f5248e9)]&amp#27;[0m 	at io.netty.channel.AbstractChannelHandlerContext.fireChannelRead(AbstractChannelHandlerContext.java:345)
&amp#27;[38;5;32m[AndroidUiautomator2Driver@63f6 (8f5248e9)]&amp#27;[0m 	at io.netty.handler.timeout.IdleStateHandler.channelRead(IdleStateHandler.java:266)
&amp#27;[38;5;32m[AndroidUiautomator2Driver@63f6 (8f5248e9)]&amp#27;[0m 	at io.netty.channel.AbstractChannelHandlerContext.invokeChannelRead(AbstractChannelHandlerContext.java:366)
&amp#27;[38;5;32m[AndroidUiautomator2Driver@63f6 (8f5248e9)]&amp#27;[0m 	at io.netty.channel.AbstractChannelHandlerContext.invokeChannelRead(AbstractChannelHandlerContext.java:352)
&amp#27;[38;5;32m[AndroidUiautomator2Driver@63f6 (8f5248e9)]&amp#27;[0m 	at io.netty.channel.AbstractChannelHandlerContext.fireChannelRead(AbstractChannelHandlerContext.java:345)
&amp#27;[38;5;32m[AndroidUiautomator2Driver@63f6 (8f5248e9)]&amp#27;[0m 	at io.netty.channel.DefaultChannelPipeline$HeadContext.channelRead(DefaultChannelPipeline.java:1294)
&amp#27;[38;5;32m[AndroidUiautomator2Driver@63f6 (8f5248e9)]&amp#27;[0m 	at io.netty.channel.AbstractChannelHandlerContext.invokeChannelRead(AbstractChannelHandlerContext.java:366)
&amp#27;[38;5;32m[AndroidUiautomator2Driver@63f6 (8f5248e9)]&amp#27;[0m 	at io.netty.channel.AbstractChannelHandlerContext.invokeChannelRead(AbstractChannelHandlerContext.java:352)
&amp#27;[38;5;32m[AndroidUiautomator2Driver@63f6 (8f5248e9)]&amp#27;[0m 	at io.netty.channel.DefaultChannelPipeline.fireChannelRead(DefaultChannelPipeline.java:911)
&amp#27;[38;5;32m[AndroidUiautomator2Driver@63f6 (8f5248e9)]&amp#27;[0m 	at io.netty.channel.nio.AbstractNioByteChannel$NioByteUnsafe.read(AbstractNioByteChannel.java:131)
&amp#27;[38;5;32m[AndroidUiautomator2Driver@63f6 (8f5248e9)]&amp#27;[0m 	at io.netty.channel.nio.NioEventLoop.processSelectedKey(NioEventLoop.java:611)
&amp#27;[38;5;32m[AndroidUiautomator2Driver@63f6 (8f5248e9)]&amp#27;[0m 	at io.netty.channel.nio.NioEventLoop.processSelectedKeysOptimized(NioEventLoop.java:552)
&amp#27;[38;5;32m[AndroidUiautomator2Driver@63f6 (8f5248e9)]&amp#27;[0m 	at io.netty.channel.nio.NioEventLoop.processSelectedKeys(NioEventLoop.java:466)
&amp#27;[38;5;32m[AndroidUiautomator2Driver@63f6 (8f5248e9)]&amp#27;[0m 	at io.netty.channel.nio.NioEventLoop.run(NioEventLoop.java:438)
&amp#27;[38;5;32m[AndroidUiautomator2Driver@63f6 (8f5248e9)]&amp#27;[0m 	at io.netty.util.concurrent.SingleThreadEventExecutor$2.run(SingleThreadEventExecutor.java:140)
&amp#27;[38;5;32m[AndroidUiautomator2Driver@63f6 (8f5248e9)]&amp#27;[0m 	at io.netty.util.concurrent.DefaultThreadFactory$DefaultRunnableDecorator.run(DefaultThreadFactory.java:144)
&amp#27;[38;5;32m[AndroidUiautomator2Driver@63f6 (8f5248e9)]&amp#27;[0m 	at java.lang.Thread.run(Thread.java:1012)
&amp#27;[38;5;32m[AndroidUiautomator2Driver@63f6 (8f5248e9)]&amp#27;[0m 
&amp#27;[38;5;0m[HTTP]&amp#27;[0m &amp#27;[37m<-- GET /session/8f5248e9-1602-44ec-b769-c2e3a0414b77/element/00000000-0000-023f-ffff-ffff000002ba/displayed &amp#27;[39m&amp#27;[33m404&amp#27;[39m &amp#27;[90m576 ms - 3979&amp#27;[39m
&amp#27;[38;5;0m[HTTP]&amp#27;[0m &amp#27;[90m&amp#27;[39m
&amp#27;[38;5;0m[HTTP]&amp#27;[0m &amp#27;[37m-->&amp#27;[39m &amp#27;[37mPOST&amp#27;[39m &amp#27;[37m/session/8f5248e9-1602-44ec-b769-c2e3a0414b77/element&amp#27;[39m
&amp#27;[38;5;0m[HTTP]&amp#27;[0m &amp#27;[90m{"using":"id","value":"org.wikipedia:id/search_container"}&amp#27;[39m
&amp#27;[38;5;32m[AndroidUiautomator2Driver@63f6 (8f5248e9)]&amp#27;[0m Calling AppiumDriver.findElement() with args: ["id","org.wikipedia:id/search_container","8f5248e9-1602-44ec-b769-c2e3a0414b77"]
&amp#27;[38;5;32m[AndroidUiautomator2Driver@63f6 (8f5248e9)]&amp#27;[0m Valid locator strategies for this request: xpath, id, class name, accessibility id, css selector, -android uiautomator
&amp#27;[38;5;32m[AndroidUiautomator2Driver@63f6 (8f5248e9)]&amp#27;[0m Waiting up to 30000 ms for condition
&amp#27;[38;5;32m[AndroidUiautomator2Driver@63f6 (8f5248e9)]&amp#27;[0m Matched '/element' to command name 'findElement'
&amp#27;[38;5;32m[AndroidUiautomator2Driver@63f6 (8f5248e9)]&amp#27;[0m Proxying [POST /element] to [POST http://127.0.0.1:8200/session/a9ed87b5-060b-44c2-9e25-837776476da5/element] with body: {"strategy":"id","selector":"org.wikipedia:id/search_container","context":"","multiple":false}
&amp#27;[38;5;32m[AndroidUiautomator2Driver@63f6 (8f5248e9)]&amp#27;[0m Got response with status 200: {"sessionId":"a9ed87b5-060b-44c2-9e25-837776476da5","value":{"ELEMENT":"00000000-0000-023a-ffff-ffff00000040","element-6066-11e4-a52e-4f735466cecf":"00000000-0000-023a-ffff-ffff00000040"}}
&amp#27;[38;5;32m[AndroidUiautomator2Driver@63f6 (8f5248e9)]&amp#27;[0m Responding to client with driver.findElement() result: {"element-6066-11e4-a52e-4f735466cecf":"00000000-0000-023a-ffff-ffff00000040","ELEMENT":"00000000-0000-023a-ffff-ffff00000040"}
&amp#27;[38;5;0m[HTTP]&amp#27;[0m &amp#27;[37m<-- POST /session/8f5248e9-1602-44ec-b769-c2e3a0414b77/element &amp#27;[39m&amp#27;[32m200&amp#27;[39m &amp#27;[90m16 ms - 137&amp#27;[39m
&amp#27;[38;5;0m[HTTP]&amp#27;[0m &amp#27;[90m&amp#27;[39m
&amp#27;[38;5;0m[HTTP]&amp#27;[0m &amp#27;[37m-->&amp#27;[39m &amp#27;[37mGET&amp#27;[39m &amp#27;[37m/session/8f5248e9-1602-44ec-b769-c2e3a0414b77/element/00000000-0000-023a-ffff-ffff00000040/displayed&amp#27;[39m
&amp#27;[38;5;0m[HTTP]&amp#27;[0m &amp#27;[90m{}&amp#27;[39m
&amp#27;[38;5;32m[AndroidUiautomator2Driver@63f6 (8f5248e9)]&amp#27;[0m Calling AppiumDriver.elementDisplayed() with args: ["00000000-0000-023a-ffff-ffff00000040","8f5248e9-1602-44ec-b769-c2e3a0414b77"]
&amp#27;[38;5;32m[AndroidUiautomator2Driver@63f6 (8f5248e9)]&amp#27;[0m Matched '/element/00000000-0000-023a-ffff-ffff00000040/attribute/displayed' to command name 'getAttribute'
&amp#27;[38;5;32m[AndroidUiautomator2Driver@63f6 (8f5248e9)]&amp#27;[0m Proxying [GET /element/00000000-0000-023a-ffff-ffff00000040/attribute/displayed] to [GET http://127.0.0.1:8200/session/a9ed87b5-060b-44c2-9e25-837776476da5/element/00000000-0000-023a-ffff-ffff00000040/attribute/displayed] with no body
&amp#27;[38;5;32m[AndroidUiautomator2Driver@63f6 (8f5248e9)]&amp#27;[0m Got response with status 200: {"sessionId":"a9ed87b5-060b-44c2-9e25-837776476da5","value":"true"}
&amp#27;[38;5;32m[AndroidUiautomator2Driver@63f6 (8f5248e9)]&amp#27;[0m Responding to client with driver.elementDisplayed() result: true
&amp#27;[38;5;0m[HTTP]&amp#27;[0m &amp#27;[37m<-- GET /session/8f5248e9-1602-44ec-b769-c2e3a0414b77/element/00000000-0000-023a-ffff-ffff00000040/displayed &amp#27;[39m&amp#27;[32m200&amp#27;[39m &amp#27;[90m8 ms - 14&amp#27;[39m
&amp#27;[38;5;0m[HTTP]&amp#27;[0m &amp#27;[90m&amp#27;[39m
]]></system-out>
  </testcase>
</testsuite>