<?xml version="1.0" encoding="UTF-8"?>
<testng-results ignored="0" total="1" passed="1" failed="0" skipped="0">
  <reporter-output>
  </reporter-output>
  <suite started-at="2025-06-15T21:45:19 CDT" name="MobileTestSuite" finished-at="2025-06-15T21:45:24 CDT" duration-ms="5413">
    <groups>
    </groups>
    <test started-at="2025-06-15T21:45:19 CDT" name="AllMobileTests" finished-at="2025-06-15T21:45:24 CDT" duration-ms="5413">
      <class name="com.example.base.TestSuiteSetup">
        <test-method is-config="true" signature="startAppiumServer()[pri:0, instance:com.example.base.TestSuiteSetup@6356695f]" started-at="2025-06-15T21:45:17 CDT" name="startAppiumServer" finished-at="2025-06-15T21:45:19 CDT" duration-ms="2064" status="PASS">
          <reporter-output>
          </reporter-output>
        </test-method> <!-- startAppiumServer -->
        <test-method is-config="true" signature="stopAppiumServer()[pri:0, instance:com.example.base.TestSuiteSetup@6356695f]" started-at="2025-06-15T21:45:24 CDT" name="stopAppiumServer" finished-at="2025-06-15T21:45:24 CDT" duration-ms="6" status="PASS">
          <reporter-output>
          </reporter-output>
        </test-method> <!-- stopAppiumServer -->
      </class> <!-- com.example.base.TestSuiteSetup -->
      <class name="com.example.tests.LoginTest">
        <test-method is-config="true" signature="setUpDriver()[pri:0, instance:com.example.tests.LoginTest@7ec7ffd3]" started-at="2025-06-15T21:45:19 CDT" name="setUpDriver" finished-at="2025-06-15T21:45:24 CDT" duration-ms="5102" status="PASS">
          <reporter-output>
          </reporter-output>
        </test-method> <!-- setUpDriver -->
        <test-method signature="testLaunch()[pri:0, instance:com.example.tests.LoginTest@7ec7ffd3]" started-at="2025-06-15T21:45:24 CDT" name="testLaunch" finished-at="2025-06-15T21:45:24 CDT" duration-ms="2" status="PASS">
          <reporter-output>
          </reporter-output>
        </test-method> <!-- testLaunch -->
        <test-method is-config="true" signature="tearDown()[pri:0, instance:com.example.tests.LoginTest@7ec7ffd3]" started-at="2025-06-15T21:45:24 CDT" name="tearDown" finished-at="2025-06-15T21:45:24 CDT" duration-ms="289" status="PASS">
          <reporter-output>
          </reporter-output>
        </test-method> <!-- tearDown -->
      </class> <!-- com.example.tests.LoginTest -->
    </test> <!-- AllMobileTests -->
  </suite> <!-- MobileTestSuite -->
</testng-results>
