<?xml version="1.0" encoding="UTF-8"?>
<testsuite xmlns:xsi="http://www.w3.org/2001/XMLSchema-instance" xsi:noNamespaceSchemaLocation="https://maven.apache.org/surefire/maven-surefire-plugin/xsd/surefire-test-report-3.0.xsd" version="3.0" name="TestSuite" time="0.813" tests="9" errors="0" skipped="8" failures="1">
  <properties>
[...]
</properties>
  <testcase name="setUpDriver" classname="com.wikidemo.tests.WikipediaSearchTest" time="0.683">
    <failure message="Could not start a new session. Possible causes are invalid address of the remote server or browser start-up failure. &#10;Host info: host: &apos;DESKTOP-MLBBIN1&apos;, ip: &apos;10.5.0.2&apos;&#10;Build info: version: &apos;4.33.0&apos;, revision: &apos;2c6aaad03a&apos;&#10;System info: os.name: &apos;Windows 11&apos;, os.arch: &apos;amd64&apos;, os.version: &apos;10.0&apos;, java.version: &apos;22.0.1&apos;&#10;Driver info: io.appium.java_client.android.AndroidDriver&#10;Command: [null, newSession {capabilities=[Capabilities {appium:androidInstallTimeout: 300000, appium:app: C:\Users\danev\qaRepo\qa-au..., appium:appActivity: org.wikipedia.main.MainActi..., appium:appPackage: org.wikipedia, appium:appWaitActivity: *, appium:autoGrantPermissions: true, appium:automationName: UiAutomator2, appium:deviceName: emulator-5554, appium:fullReset: true, appium:noReset: false, platformName: ANDROID}]}]&#10;Capabilities {appium:androidInstallTimeout: 300000, appium:app: C:\Users\danev\qaRepo\qa-au..., appium:appActivity: org.wikipedia.main.MainActi..., appium:appPackage: org.wikipedia, appium:appWaitActivity: *, appium:autoGrantPermissions: true, appium:automationName: UiAutomator2, appium:deviceName: emulator-5554, appium:fullReset: true, appium:noReset: false, platformName: ANDROID}" type="org.openqa.selenium.SessionNotCreatedException"><![CDATA[org.openqa.selenium.SessionNotCreatedException: 
Could not start a new session. Possible causes are invalid address of the remote server or browser start-up failure. 
Host info: host: 'DESKTOP-MLBBIN1', ip: '10.5.0.2'
Build info: version: '4.33.0', revision: '2c6aaad03a'
System info: os.name: 'Windows 11', os.arch: 'amd64', os.version: '10.0', java.version: '22.0.1'
Driver info: io.appium.java_client.android.AndroidDriver
Command: [null, newSession {capabilities=[Capabilities {appium:androidInstallTimeout: 300000, appium:app: C:\Users\danev\qaRepo\qa-au..., appium:appActivity: org.wikipedia.main.MainActi..., appium:appPackage: org.wikipedia, appium:appWaitActivity: *, appium:autoGrantPermissions: true, appium:automationName: UiAutomator2, appium:deviceName: emulator-5554, appium:fullReset: true, appium:noReset: false, platformName: ANDROID}]}]
Capabilities {appium:androidInstallTimeout: 300000, appium:app: C:\Users\danev\qaRepo\qa-au..., appium:appActivity: org.wikipedia.main.MainActi..., appium:appPackage: org.wikipedia, appium:appWaitActivity: *, appium:autoGrantPermissions: true, appium:automationName: UiAutomator2, appium:deviceName: emulator-5554, appium:fullReset: true, appium:noReset: false, platformName: ANDROID}
	at org.openqa.selenium.remote.RemoteWebDriver.execute(RemoteWebDriver.java:562)
	at io.appium.java_client.AppiumDriver.startSession(AppiumDriver.java:270)
	at org.openqa.selenium.remote.RemoteWebDriver.<init>(RemoteWebDriver.java:173)
	at io.appium.java_client.AppiumDriver.<init>(AppiumDriver.java:91)
	at io.appium.java_client.AppiumDriver.<init>(AppiumDriver.java:103)
	at io.appium.java_client.android.AndroidDriver.<init>(AndroidDriver.java:109)
	at com.wikidemo.base.BaseTest.setUpDriver(BaseTest.java:70)
	at java.base/jdk.internal.reflect.DirectMethodHandleAccessor.invoke(DirectMethodHandleAccessor.java:103)
	at java.base/java.lang.reflect.Method.invoke(Method.java:580)
	at org.testng.internal.invokers.MethodInvocationHelper.invokeMethod(MethodInvocationHelper.java:141)
	at org.testng.internal.invokers.MethodInvocationHelper.invokeMethodConsideringTimeout(MethodInvocationHelper.java:71)
	at org.testng.internal.invokers.ConfigInvoker.invokeConfigurationMethod(ConfigInvoker.java:400)
	at org.testng.internal.invokers.ConfigInvoker.invokeConfigurations(ConfigInvoker.java:333)
	at org.testng.internal.invokers.TestMethodWorker.invokeBeforeClassMethods(TestMethodWorker.java:188)
	at org.testng.internal.invokers.TestMethodWorker.run(TestMethodWorker.java:128)
	at java.base/java.util.ArrayList.forEach(ArrayList.java:1597)
	at org.testng.TestRunner.privateRun(TestRunner.java:739)
	at org.testng.TestRunner.run(TestRunner.java:614)
	at org.testng.SuiteRunner.runTest(SuiteRunner.java:421)
	at org.testng.SuiteRunner.runSequentially(SuiteRunner.java:413)
	at org.testng.SuiteRunner.privateRun(SuiteRunner.java:373)
	at org.testng.SuiteRunner.run(SuiteRunner.java:312)
	at org.testng.SuiteRunnerWorker.runSuite(SuiteRunnerWorker.java:52)
	at org.testng.SuiteRunnerWorker.run(SuiteRunnerWorker.java:95)
	at org.testng.TestNG.runSuitesSequentially(TestNG.java:1274)
	at org.testng.TestNG.runSuitesLocally(TestNG.java:1208)
	at org.testng.TestNG.runSuites(TestNG.java:1112)
	at org.testng.TestNG.run(TestNG.java:1079)
	at org.apache.maven.surefire.testng.TestNGExecutor.run(TestNGExecutor.java:308)
	at org.apache.maven.surefire.testng.TestNGXmlTestSuite.execute(TestNGXmlTestSuite.java:71)
	at org.apache.maven.surefire.testng.TestNGProvider.invoke(TestNGProvider.java:113)
	at org.apache.maven.surefire.booter.ForkedBooter.runSuitesInProcess(ForkedBooter.java:385)
	at org.apache.maven.surefire.booter.ForkedBooter.execute(ForkedBooter.java:162)
	at org.apache.maven.surefire.booter.ForkedBooter.run(ForkedBooter.java:507)
	at org.apache.maven.surefire.booter.ForkedBooter.main(ForkedBooter.java:495)
Caused by: java.io.UncheckedIOException: java.net.ConnectException
	at org.openqa.selenium.remote.http.jdk.JdkHttpClient.execute0(JdkHttpClient.java:500)
	at io.appium.java_client.internal.filters.AppiumIdempotencyFilter.lambda$apply$0(AppiumIdempotencyFilter.java:35)
	at io.appium.java_client.internal.filters.AppiumUserAgentFilter.lambda$apply$0(AppiumUserAgentFilter.java:87)
	at org.openqa.selenium.remote.http.Filter.lambda$andFinally$1(Filter.java:55)
	at org.openqa.selenium.remote.http.jdk.JdkHttpClient.lambda$executeAsync$2(JdkHttpClient.java:387)
	at java.base/java.util.concurrent.Executors$RunnableAdapter.call(Executors.java:572)
	at java.base/java.util.concurrent.FutureTask.run(FutureTask.java:317)
	at java.base/java.util.concurrent.ThreadPoolExecutor.runWorker(ThreadPoolExecutor.java:1144)
	at java.base/java.util.concurrent.ThreadPoolExecutor$Worker.run(ThreadPoolExecutor.java:642)
	at java.base/java.lang.Thread.run(Thread.java:1570)
Caused by: java.net.ConnectException
	at java.net.http/jdk.internal.net.http.HttpClientImpl.send(HttpClientImpl.java:956)
	at java.net.http/jdk.internal.net.http.HttpClientFacade.send(HttpClientFacade.java:133)
	at org.openqa.selenium.remote.http.jdk.JdkHttpClient.execute0(JdkHttpClient.java:459)
	... 9 more
Caused by: java.net.ConnectException
	at java.net.http/jdk.internal.net.http.common.Utils.toConnectException(Utils.java:1065)
	at java.net.http/jdk.internal.net.http.PlainHttpConnection.connectAsync(PlainHttpConnection.java:227)
	at java.net.http/jdk.internal.net.http.PlainHttpConnection.checkRetryConnect(PlainHttpConnection.java:280)
	at java.net.http/jdk.internal.net.http.PlainHttpConnection.lambda$connectAsync$2(PlainHttpConnection.java:238)
	at java.base/java.util.concurrent.CompletableFuture.uniHandle(CompletableFuture.java:934)
	at java.base/java.util.concurrent.CompletableFuture$UniHandle.tryFire(CompletableFuture.java:911)
	at java.base/java.util.concurrent.CompletableFuture.postComplete(CompletableFuture.java:510)
	at java.base/java.util.concurrent.CompletableFuture$AsyncSupply.run(CompletableFuture.java:1773)
	... 3 more
Caused by: java.nio.channels.ClosedChannelException
	at java.base/sun.nio.ch.SocketChannelImpl.ensureOpen(SocketChannelImpl.java:204)
	at java.base/sun.nio.ch.SocketChannelImpl.beginConnect(SocketChannelImpl.java:873)
	at java.base/sun.nio.ch.SocketChannelImpl.connect(SocketChannelImpl.java:961)
	at java.net.http/jdk.internal.net.http.PlainHttpConnection.lambda$connectAsync$1(PlainHttpConnection.java:210)
	at java.base/java.security.AccessController.doPrivileged(AccessController.java:571)
	at java.net.http/jdk.internal.net.http.PlainHttpConnection.connectAsync(PlainHttpConnection.java:212)
	... 9 more
]]></failure>
    <system-out><![CDATA[Running on: Windows 11
[Suite][INFO] APPIUM_MAIN_JS environment variable not set. Please start Appium manually.
[Suite][INFO] Example: appium
[Suite] Clearing Allure results...
]]></system-out>
    <system-err><![CDATA[[main] WARN org.testng.TestNG - Ignoring duplicate listener : io.qameta.allure.testng.AllureTestNg
[main] WARN org.testng.TestNG - Ignoring duplicate listener : io.qameta.allure.testng.AllureTestNg
[main] WARN org.testng.TestNG - Ignoring duplicate listener : io.qameta.allure.testng.AllureTestNg
Jun 17, 2025 12:31:08 PM com.wikidemo.base.BaseTest setUpDriver
WARNING: mobile-tests/config.properties not found, using defaults and system properties.
]]></system-err>
  </testcase>
  <testcase name="prepareApp" classname="com.wikidemo.tests.WikipediaSearchTest" time="0.0">
    <skipped/>
  </testcase>
  <testcase name="prepareApp" classname="com.wikidemo.tests.WikipediaSearchTest" time="0.0">
    <skipped/>
  </testcase>
  <testcase name="prepareApp" classname="com.wikidemo.tests.WikipediaSearchTest" time="0.0">
    <skipped/>
  </testcase>
  <testcase name="prepareApp" classname="com.wikidemo.tests.WikipediaSearchTest" time="0.0">
    <skipped/>
  </testcase>
  <testcase name="shouldDisplayResultsForSearchTerm[Appium](1)" classname="com.wikidemo.tests.WikipediaSearchTest" time="0.0">
    <skipped message="Could not start a new session. Possible causes are invalid address of the remote server or browser start-up failure. &#10;Host info: host: &apos;DESKTOP-MLBBIN1&apos;, ip: &apos;10.5.0.2&apos;&#10;Build info: version: &apos;4.33.0&apos;, revision: &apos;2c6aaad03a&apos;&#10;System info: os.name: &apos;Windows 11&apos;, os.arch: &apos;amd64&apos;, os.version: &apos;10.0&apos;, java.version: &apos;22.0.1&apos;&#10;Driver info: io.appium.java_client.android.AndroidDriver&#10;Command: [null, newSession {capabilities=[Capabilities {appium:androidInstallTimeout: 300000, appium:app: C:\Users\danev\qaRepo\qa-au..., appium:appActivity: org.wikipedia.main.MainActi..., appium:appPackage: org.wikipedia, appium:appWaitActivity: *, appium:autoGrantPermissions: true, appium:automationName: UiAutomator2, appium:deviceName: emulator-5554, appium:fullReset: true, appium:noReset: false, platformName: ANDROID}]}]&#10;Capabilities {appium:androidInstallTimeout: 300000, appium:app: C:\Users\danev\qaRepo\qa-au..., appium:appActivity: org.wikipedia.main.MainActi..., appium:appPackage: org.wikipedia, appium:appWaitActivity: *, appium:autoGrantPermissions: true, appium:automationName: UiAutomator2, appium:deviceName: emulator-5554, appium:fullReset: true, appium:noReset: false, platformName: ANDROID}"/>
  </testcase>
  <testcase name="shouldDisplayResultsForSearchTerm[TestNG](2)" classname="com.wikidemo.tests.WikipediaSearchTest" time="0.0">
    <skipped message="Could not start a new session. Possible causes are invalid address of the remote server or browser start-up failure. &#10;Host info: host: &apos;DESKTOP-MLBBIN1&apos;, ip: &apos;10.5.0.2&apos;&#10;Build info: version: &apos;4.33.0&apos;, revision: &apos;2c6aaad03a&apos;&#10;System info: os.name: &apos;Windows 11&apos;, os.arch: &apos;amd64&apos;, os.version: &apos;10.0&apos;, java.version: &apos;22.0.1&apos;&#10;Driver info: io.appium.java_client.android.AndroidDriver&#10;Command: [null, newSession {capabilities=[Capabilities {appium:androidInstallTimeout: 300000, appium:app: C:\Users\danev\qaRepo\qa-au..., appium:appActivity: org.wikipedia.main.MainActi..., appium:appPackage: org.wikipedia, appium:appWaitActivity: *, appium:autoGrantPermissions: true, appium:automationName: UiAutomator2, appium:deviceName: emulator-5554, appium:fullReset: true, appium:noReset: false, platformName: ANDROID}]}]&#10;Capabilities {appium:androidInstallTimeout: 300000, appium:app: C:\Users\danev\qaRepo\qa-au..., appium:appActivity: org.wikipedia.main.MainActi..., appium:appPackage: org.wikipedia, appium:appWaitActivity: *, appium:autoGrantPermissions: true, appium:automationName: UiAutomator2, appium:deviceName: emulator-5554, appium:fullReset: true, appium:noReset: false, platformName: ANDROID}"/>
  </testcase>
  <testcase name="shouldDisplayResultsForSearchTerm[Android](3)" classname="com.wikidemo.tests.WikipediaSearchTest" time="0.0">
    <skipped message="Could not start a new session. Possible causes are invalid address of the remote server or browser start-up failure. &#10;Host info: host: &apos;DESKTOP-MLBBIN1&apos;, ip: &apos;10.5.0.2&apos;&#10;Build info: version: &apos;4.33.0&apos;, revision: &apos;2c6aaad03a&apos;&#10;System info: os.name: &apos;Windows 11&apos;, os.arch: &apos;amd64&apos;, os.version: &apos;10.0&apos;, java.version: &apos;22.0.1&apos;&#10;Driver info: io.appium.java_client.android.AndroidDriver&#10;Command: [null, newSession {capabilities=[Capabilities {appium:androidInstallTimeout: 300000, appium:app: C:\Users\danev\qaRepo\qa-au..., appium:appActivity: org.wikipedia.main.MainActi..., appium:appPackage: org.wikipedia, appium:appWaitActivity: *, appium:autoGrantPermissions: true, appium:automationName: UiAutomator2, appium:deviceName: emulator-5554, appium:fullReset: true, appium:noReset: false, platformName: ANDROID}]}]&#10;Capabilities {appium:androidInstallTimeout: 300000, appium:app: C:\Users\danev\qaRepo\qa-au..., appium:appActivity: org.wikipedia.main.MainActi..., appium:appPackage: org.wikipedia, appium:appWaitActivity: *, appium:autoGrantPermissions: true, appium:automationName: UiAutomator2, appium:deviceName: emulator-5554, appium:fullReset: true, appium:noReset: false, platformName: ANDROID}"/>
  </testcase>
  <testcase name="shouldDisplayResultsForSearchTerm[Selenium](4)" classname="com.wikidemo.tests.WikipediaSearchTest" time="0.0">
    <skipped message="Could not start a new session. Possible causes are invalid address of the remote server or browser start-up failure. &#10;Host info: host: &apos;DESKTOP-MLBBIN1&apos;, ip: &apos;10.5.0.2&apos;&#10;Build info: version: &apos;4.33.0&apos;, revision: &apos;2c6aaad03a&apos;&#10;System info: os.name: &apos;Windows 11&apos;, os.arch: &apos;amd64&apos;, os.version: &apos;10.0&apos;, java.version: &apos;22.0.1&apos;&#10;Driver info: io.appium.java_client.android.AndroidDriver&#10;Command: [null, newSession {capabilities=[Capabilities {appium:androidInstallTimeout: 300000, appium:app: C:\Users\danev\qaRepo\qa-au..., appium:appActivity: org.wikipedia.main.MainActi..., appium:appPackage: org.wikipedia, appium:appWaitActivity: *, appium:autoGrantPermissions: true, appium:automationName: UiAutomator2, appium:deviceName: emulator-5554, appium:fullReset: true, appium:noReset: false, platformName: ANDROID}]}]&#10;Capabilities {appium:androidInstallTimeout: 300000, appium:app: C:\Users\danev\qaRepo\qa-au..., appium:appActivity: org.wikipedia.main.MainActi..., appium:appPackage: org.wikipedia, appium:appWaitActivity: *, appium:autoGrantPermissions: true, appium:automationName: UiAutomator2, appium:deviceName: emulator-5554, appium:fullReset: true, appium:noReset: false, platformName: ANDROID}"/>
  </testcase>
</testsuite>