<?xml version="1.0" encoding="UTF-8"?>
<testng-results ignored="0" total="4" passed="4" failed="0" skipped="0">
  <reporter-output>
  </reporter-output>
  <suite started-at="2025-06-17T11:54:23 CDT" name="Surefire suite" finished-at="2025-06-17T11:54:26 CDT" duration-ms="3476">
    <groups>
    </groups>
    <test started-at="2025-06-17T11:54:23 CDT" name="Surefire test" finished-at="2025-06-17T11:54:26 CDT" duration-ms="3476">
      <class name="WikipediaApiTest">
        <test-method signature="searchForNoResults()[pri:0, instance:WikipediaApiTest@57af006c]" started-at="2025-06-17T11:54:23 CDT" name="searchForNoResults" description="Verify Wikipedia API returns no results for gibberish search term" finished-at="2025-06-17T11:54:25 CDT" duration-ms="2042" status="PASS">
          <reporter-output>
          </reporter-output>
        </test-method> <!-- searchForNoResults -->
        <test-method signature="searchForTerm(java.lang.String)[pri:0, instance:WikipediaApiTest@57af006c]" started-at="2025-06-17T11:54:25 CDT" name="searchForTerm" description="Verify Wikipedia API returns results for various search terms" data-provider="searchTerms" finished-at="2025-06-17T11:54:25 CDT" duration-ms="336" status="PASS">
          <params>
            <param index="0">
              <value>
                <![CDATA[Appium]]>
              </value>
            </param>
          </params>
          <reporter-output>
          </reporter-output>
        </test-method> <!-- searchForTerm -->
        <test-method signature="searchForTerm(java.lang.String)[pri:0, instance:WikipediaApiTest@57af006c]" started-at="2025-06-17T11:54:25 CDT" name="searchForTerm" description="Verify Wikipedia API returns results for various search terms" data-provider="searchTerms" finished-at="2025-06-17T11:54:26 CDT" duration-ms="570" status="PASS">
          <params>
            <param index="0">
              <value>
                <![CDATA[TestNG]]>
              </value>
            </param>
          </params>
          <reporter-output>
          </reporter-output>
        </test-method> <!-- searchForTerm -->
        <test-method signature="searchForTerm(java.lang.String)[pri:0, instance:WikipediaApiTest@57af006c]" started-at="2025-06-17T11:54:26 CDT" name="searchForTerm" description="Verify Wikipedia API returns results for various search terms" data-provider="searchTerms" finished-at="2025-06-17T11:54:26 CDT" duration-ms="449" status="PASS">
          <params>
            <param index="0">
              <value>
                <![CDATA[Selenium]]>
              </value>
            </param>
          </params>
          <reporter-output>
          </reporter-output>
        </test-method> <!-- searchForTerm -->
      </class> <!-- WikipediaApiTest -->
    </test> <!-- Surefire test -->
  </suite> <!-- Surefire suite -->
</testng-results>
