<?xml version="1.0" encoding="UTF-8"?>
<testsuite xmlns:xsi="http://www.w3.org/2001/XMLSchema-instance" xsi:noNamespaceSchemaLocation="https://maven.apache.org/surefire/maven-surefire-plugin/xsd/surefire-test-report-3.0.xsd" version="3.0" name="WikipediaApiTest" time="3.863" tests="4" errors="0" skipped="0" failures="0">
  <properties>
[...]
</properties>
  <testcase name="searchForNoResults" classname="WikipediaApiTest" time="2.015">
    <system-err><![CDATA[SLF4J: Failed to load class "org.slf4j.impl.StaticLoggerBinder".
SLF4J: Defaulting to no-operation (NOP) logger implementation
SLF4J: See http://www.slf4j.org/codes.html#StaticLoggerBinder for further details.
]]></system-err>
  </testcase>
  <testcase name="searchForTerm[Appium](1)" classname="WikipediaApiTest" time="0.335"/>
  <testcase name="searchForTerm[TestNG](2)" classname="WikipediaApiTest" time="0.569"/>
  <testcase name="searchForTerm[Selenium](3)" classname="WikipediaApiTest" time="0.448"/>
</testsuite>